TN:
SF:src/index.ts
FN:1,(empty-report)
FNF:1
FNH:0
FNDA:0,(empty-report)
DA:1,0
LF:1
LH:0
BRDA:1,0,0,0
BRF:1
BRH:0
end_of_record
TN:
SF:src/sp00ky.ts
FNF:0
FNH:0
DA:1,1
LF:1
LH:1
BRF:0
BRH:0
end_of_record
TN:
SF:src/types.ts
FN:1,(empty-report)
FNF:1
FNH:1
FNDA:1,(empty-report)
DA:657,0
LF:1
LH:0
BRDA:1,0,0,1
BRF:1
BRH:1
end_of_record
TN:
SF:src/boot/auth-flip.saga.ts
FN:18,authFlip
FN:43,persistVerifiedUser
FNF:2
FNH:2
FNDA:4,authFlip
FNDA:8,persistVerifiedUser
DA:1,1
DA:18,1
DA:19,4
DA:20,3
DA:21,3
DA:22,3
DA:23,3
DA:24,3
DA:25,3
DA:26,3
DA:27,4
DA:28,2
DA:29,2
DA:30,2
DA:31,1
DA:32,1
DA:33,1
DA:34,1
DA:35,2
DA:36,2
DA:43,1
DA:44,8
DA:45,8
DA:46,4
DA:47,4
DA:48,4
DA:49,4
DA:50,3
DA:51,8
DA:52,8
DA:53,8
DA:54,8
DA:55,8
DA:56,8
DA:57,2
DA:58,2
DA:59,8
DA:60,1
DA:61,1
DA:62,8
LF:40
LH:40
BRDA:18,0,0,4
BRDA:19,1,0,3
BRDA:27,2,0,1
BRDA:27,3,0,2
BRDA:27,4,0,2
BRDA:30,5,0,1
BRDA:29,6,0,2
BRDA:43,7,0,8
BRDA:45,8,0,6
BRDA:45,9,0,5
BRDA:45,10,0,4
BRDA:49,11,0,1
BRDA:49,12,0,3
BRDA:51,13,0,1
BRDA:56,14,0,2
BRDA:59,15,0,1
BRDA:51,16,0,3
BRF:17
BRH:17
end_of_record
TN:
SF:src/boot/boot.saga.ts
FN:21,boot
FN:60,migrateWindowToView
FN:81,startRemote
FN:100,primeCircuit
FN:111,versionsPrimed
FN:116,pageHide
FN:121,warmBlobs
FNF:7
FNH:7
FNDA:9,boot
FNDA:12,migrateWindowToView
FNDA:9,startRemote
FNDA:10,primeCircuit
FNDA:2,versionsPrimed
FNDA:3,pageHide
FNDA:9,warmBlobs
DA:1,1
DA:21,1
DA:22,9
DA:23,9
DA:24,9
DA:25,2
DA:26,2
DA:27,1
DA:28,1
DA:29,1
DA:30,1
DA:31,1
DA:32,2
DA:33,9
DA:34,9
DA:35,9
DA:36,9
DA:37,9
DA:38,9
DA:39,9
DA:40,9
DA:42,9
DA:43,9
DA:44,9
DA:45,9
DA:46,9
DA:47,9
DA:49,9
DA:50,9
DA:51,9
DA:52,9
DA:53,9
DA:54,9
DA:55,9
DA:56,9
DA:57,9
DA:60,1
DA:61,12
DA:62,12
DA:63,12
DA:64,12
DA:65,9
DA:66,12
DA:67,12
DA:68,4
DA:69,4
DA:70,4
DA:71,2
DA:72,12
DA:73,1
DA:74,1
DA:75,12
DA:81,1
DA:82,9
DA:83,9
DA:84,1
DA:85,1
DA:86,1
DA:87,2
DA:88,2
DA:89,2
DA:90,1
DA:91,1
DA:92,1
DA:93,2
DA:94,2
DA:95,2
DA:96,2
DA:97,2
DA:100,1
DA:101,10
DA:102,9
DA:103,9
DA:104,8
DA:105,1
DA:106,9
DA:107,9
DA:108,9
DA:109,10
DA:111,1
DA:112,2
DA:113,1
DA:116,1
DA:117,3
DA:118,2
DA:119,3
DA:121,1
DA:122,9
DA:123,9
DA:124,9
DA:125,7
DA:126,1
DA:127,1
DA:128,9
LF:94
LH:94
BRDA:21,0,0,9
BRDA:22,1,0,1
BRDA:24,2,0,2
BRDA:26,3,0,1
BRDA:33,4,0,8
BRDA:35,5,0,1
BRDA:47,6,0,1
BRDA:60,7,0,12
BRDA:62,8,0,11
BRDA:63,9,0,3
BRDA:63,10,0,8
BRDA:64,11,0,2
BRDA:64,12,0,9
BRDA:64,13,0,2
BRDA:64,14,0,9
BRDA:66,15,0,1
BRDA:66,16,0,8
BRDA:67,17,0,4
BRDA:68,18,0,2
BRDA:68,19,0,2
BRDA:68,20,0,1
BRDA:68,21,0,1
BRDA:69,22,0,3
BRDA:69,23,0,2
BRDA:70,24,0,1
BRDA:70,25,0,2
BRDA:71,26,0,9
BRDA:72,27,0,1
BRDA:81,28,0,9
BRDA:83,29,0,2
BRDA:83,30,0,1
BRDA:89,31,0,1
BRDA:100,32,0,10
BRDA:101,33,0,9
BRDA:103,34,0,8
BRDA:104,35,0,1
BRDA:101,36,0,9
BRDA:101,37,0,1
BRDA:111,38,0,2
BRDA:112,39,0,1
BRDA:116,40,0,3
BRDA:117,41,0,2
BRDA:118,42,0,1
BRDA:117,43,0,2
BRDA:117,44,0,2
BRDA:117,45,0,1
BRDA:121,46,0,9
BRDA:122,47,0,8
BRDA:122,48,0,1
BRDA:124,49,0,7
BRDA:125,50,0,1
BRDA:122,51,0,8
BRF:52
BRH:52
end_of_record
TN:
SF:src/boot/bucket-switch.saga.ts
FN:25,bucketSwitch
FN:86,rebindQueries
FNF:2
FNH:2
FNDA:10,bucketSwitch
FNDA:5,rebindQueries
DA:1,1
DA:25,1
DA:26,10
DA:27,9
DA:28,10
DA:29,3
DA:30,3
DA:31,3
DA:32,9
DA:33,10
DA:34,6
DA:35,6
DA:36,6
DA:37,9
DA:38,2
DA:39,2
DA:40,1
DA:41,1
DA:42,1
DA:43,1
DA:44,1
DA:45,1
DA:46,1
DA:47,5
DA:48,4
DA:49,3
DA:50,4
DA:51,5
DA:52,10
DA:53,5
DA:54,9
DA:55,1
DA:56,1
DA:57,5
DA:58,5
DA:59,5
DA:60,5
DA:61,5
DA:62,8
DA:63,6
DA:64,6
DA:65,4
DA:66,7
DA:67,3
DA:68,3
DA:69,2
DA:70,1
DA:71,1
DA:72,3
DA:73,4
DA:74,4
DA:75,4
DA:76,4
DA:81,4
DA:82,4
DA:83,4
DA:86,1
DA:87,5
DA:88,5
DA:89,3
DA:90,3
DA:91,3
DA:92,3
DA:93,1
DA:94,1
DA:95,3
DA:96,3
DA:97,3
DA:98,3
DA:99,3
DA:100,3
DA:101,3
DA:102,3
DA:103,3
DA:104,3
DA:105,2
DA:106,3
DA:107,1
DA:108,1
DA:109,3
DA:110,3
DA:111,3
DA:112,2
DA:113,2
DA:114,3
DA:115,5
LF:86
LH:86
BRDA:25,0,0,10
BRDA:26,1,0,9
BRDA:28,2,0,8
BRDA:28,3,0,9
BRDA:28,4,0,3
BRDA:29,5,0,2
BRDA:31,6,0,6
BRDA:32,7,0,3
BRDA:33,8,0,9
BRDA:33,9,0,30
BRDA:33,10,0,6
BRDA:37,11,0,5
BRDA:37,12,0,2
BRDA:39,13,0,1
BRDA:47,14,0,4
BRDA:48,15,0,3
BRDA:49,16,0,1
BRDA:52,17,0,1
BRDA:52,18,0,1
BRDA:52,19,0,9
BRDA:52,20,0,1
BRDA:52,21,0,8
BRDA:52,22,0,5
BRDA:53,23,0,4
BRDA:54,24,0,1
BRDA:56,25,0,8
BRDA:56,26,0,5
BRDA:62,27,0,6
BRDA:64,28,0,7
BRDA:64,29,0,4
BRDA:66,30,0,3
BRDA:68,31,0,2
BRDA:69,32,0,1
BRDA:72,33,0,4
BRDA:26,34,0,9
BRDA:86,35,0,5
BRDA:88,36,0,3
BRDA:91,37,0,2
BRDA:92,38,0,1
BRDA:104,39,0,2
BRDA:106,40,0,1
BRDA:110,41,0,2
BRDA:110,42,0,1
BRDA:111,43,0,2
BRDA:87,44,0,5
BRF:45
BRH:45
end_of_record
TN:
SF:src/boot/preload.saga.ts
FN:10,PreloadFailedError
FN:23,preload
FNF:2
FNH:2
FNDA:2,PreloadFailedError
FNDA:8,preload
DA:1,1
DA:9,1
DA:10,1
DA:11,2
DA:12,2
DA:13,2
DA:14,1
DA:23,1
DA:24,8
DA:25,8
DA:26,8
DA:27,5
DA:28,4
DA:29,8
DA:30,2
DA:31,2
LF:16
LH:16
BRDA:10,0,0,2
BRDA:23,1,0,8
BRDA:26,2,0,3
BRDA:26,3,0,6
BRDA:26,4,0,5
BRDA:27,5,0,4
BRDA:29,6,0,2
BRDA:25,7,0,8
BRDA:27,8,0,17
BRDA:27,9,0,16
BRDA:28,10,0,4
BRF:11
BRH:11
end_of_record
TN:
SF:src/client/bucket-handle.ts
FN:13,bucketContentToBlob
FN:48,BucketHandle
FN:57,resolveBlurhash
FN:63,put
FN:107,blurhash
FN:130,get
FN:142,read
FN:152,url
FN:158,pin
FN:162,unpin
FN:167,evict
FN:172,prefetch
FN:176,delete
FN:193,exists
FN:200,head
FN:207,copy
FN:213,rename
FN:219,list
FNF:18
FNH:18
FNDA:10,bucketContentToBlob
FNDA:22,BucketHandle
FNDA:11,resolveBlurhash
FNDA:11,put
FNDA:10,blurhash
FNDA:5,get
FNDA:10,read
FNDA:2,url
FNDA:1,pin
FNDA:1,unpin
FNDA:1,evict
FNDA:1,prefetch
FNDA:5,delete
FNDA:1,exists
FNDA:1,head
FNDA:1,copy
FNDA:1,rename
FNDA:2,list
DA:1,1
DA:13,1
DA:14,10
DA:15,10
DA:16,9
DA:17,7
DA:20,7
DA:21,1
DA:22,1
DA:45,1
DA:47,1
DA:48,1
DA:49,22
DA:50,22
DA:52,22
DA:53,22
DA:54,22
DA:57,1
DA:58,11
DA:59,11
DA:60,11
DA:61,11
DA:63,1
DA:64,11
DA:65,11
DA:66,11
DA:67,11
DA:70,11
DA:71,11
DA:72,11
DA:73,7
DA:74,4
DA:76,11
DA:78,11
DA:82,11
DA:83,11
DA:84,11
DA:85,11
DA:86,6
DA:87,6
DA:88,6
DA:89,6
DA:90,6
DA:91,5
DA:92,5
DA:93,11
DA:94,1
DA:95,1
DA:96,1
DA:97,11
DA:98,11
DA:107,1
DA:108,10
DA:109,10
DA:110,8
DA:111,8
DA:112,10
DA:113,2
DA:114,2
DA:115,2
DA:116,5
DA:117,10
DA:118,2
DA:119,2
DA:120,2
DA:121,2
DA:122,3
DA:123,10
DA:125,1
DA:126,1
DA:127,1
DA:128,10
DA:130,1
DA:131,5
DA:132,5
DA:133,5
DA:134,5
DA:135,5
DA:142,1
DA:143,10
DA:144,6
DA:145,10
DA:152,1
DA:153,2
DA:154,1
DA:155,2
DA:158,1
DA:159,1
DA:160,1
DA:162,1
DA:163,1
DA:164,1
DA:167,1
DA:168,1
DA:169,1
DA:172,1
DA:173,1
DA:174,1
DA:176,1
DA:177,5
DA:178,5
DA:181,5
DA:182,3
DA:183,3
DA:184,3
DA:185,3
DA:186,2
DA:188,1
DA:189,3
DA:190,3
DA:191,5
DA:193,1
DA:194,1
DA:195,1
DA:196,1
DA:197,1
DA:198,1
DA:200,1
DA:201,1
DA:202,1
DA:203,1
DA:204,1
DA:205,1
DA:207,1
DA:208,1
DA:209,1
DA:210,1
DA:211,1
DA:213,1
DA:214,1
DA:215,1
DA:216,1
DA:217,1
DA:219,1
DA:220,2
DA:221,2
DA:222,2
DA:223,2
DA:224,2
DA:225,2
DA:226,1
LF:141
LH:141
BRDA:13,0,0,10
BRDA:14,1,0,2
BRDA:14,2,0,8
BRDA:15,3,0,1
BRDA:15,4,0,9
BRDA:15,5,0,7
BRDA:16,6,0,4
BRDA:16,7,0,7
BRDA:16,8,0,3
BRDA:17,9,0,1
BRDA:17,10,0,2
BRDA:20,11,0,1
BRDA:48,12,0,22
BRDA:57,13,0,11
BRDA:58,14,0,9
BRDA:58,15,0,5
BRDA:58,16,0,6
BRDA:59,17,0,9
BRDA:59,18,0,3
BRDA:59,19,0,8
BRDA:60,20,0,7
BRDA:60,21,0,1
BRDA:63,22,0,11
BRDA:70,23,0,2
BRDA:72,24,0,8
BRDA:72,25,0,7
BRDA:73,26,0,4
BRDA:78,27,0,6
BRDA:85,28,0,6
BRDA:89,29,0,5
BRDA:90,30,0,3
BRDA:90,31,0,5
BRDA:93,32,0,1
BRDA:107,33,0,10
BRDA:109,34,0,2
BRDA:109,35,0,9
BRDA:109,36,0,8
BRDA:111,37,0,7
BRDA:112,38,0,2
BRDA:115,39,0,5
BRDA:117,40,0,2
BRDA:118,41,0,1
BRDA:121,42,0,3
BRDA:123,43,0,1
BRDA:130,44,0,5
BRDA:142,45,0,10
BRDA:143,46,0,4
BRDA:143,47,0,6
BRDA:152,48,0,2
BRDA:153,49,0,1
BRDA:158,50,0,1
BRDA:162,51,0,1
BRDA:167,52,0,1
BRDA:172,53,0,1
BRDA:173,54,0,2
BRDA:176,55,0,5
BRDA:178,56,0,3
BRDA:181,57,0,3
BRDA:184,58,0,2
BRDA:185,59,0,1
BRDA:185,60,0,2
BRDA:186,61,0,1
BRDA:193,62,0,1
BRDA:200,63,0,1
BRDA:207,64,0,1
BRDA:213,65,0,1
BRDA:219,66,0,2
BRDA:220,67,0,1
BRF:68
BRH:68
end_of_record
TN:
SF:src/client/router.ts
FN:25,serial
FN:26,dedupe
FN:28,materializeDirty
FN:34,route
FNF:4
FNH:4
FNDA:44,serial
FNDA:47,dedupe
FNDA:2,materializeDirty
FNDA:95,route
DA:1,1
DA:25,1
DA:26,1
DA:28,2
DA:29,2
DA:30,2
DA:31,1
DA:34,1
DA:35,95
DA:36,95
DA:37,5
DA:38,95
DA:39,5
DA:40,95
DA:41,1
DA:42,95
DA:43,2
DA:44,95
DA:45,3
DA:46,95
DA:47,5
DA:48,95
DA:49,2
DA:50,95
DA:51,2
DA:52,95
DA:53,95
DA:54,9
DA:55,95
DA:56,1
DA:57,95
DA:58,7
DA:59,95
DA:60,5
DA:61,95
DA:62,1
DA:63,95
DA:64,2
DA:65,95
DA:66,1
DA:67,95
DA:68,11
DA:69,95
DA:70,2
DA:71,95
DA:72,1
DA:73,95
DA:74,1
DA:75,95
DA:76,1
DA:77,95
DA:78,1
DA:79,95
DA:80,7
DA:81,95
DA:82,8
DA:83,95
DA:84,1
DA:85,95
DA:86,7
DA:87,95
DA:88,2
DA:89,95
DA:90,1
DA:91,95
DA:92,1
DA:93,95
DA:94,95
LF:68
LH:68
BRDA:25,0,0,44
BRDA:26,1,0,47
BRDA:28,2,0,2
BRDA:29,3,0,1
BRDA:30,4,0,1
BRDA:29,5,0,1
BRDA:34,6,0,95
BRDA:36,7,0,5
BRDA:38,8,0,5
BRDA:40,9,0,1
BRDA:42,10,0,2
BRDA:44,11,0,3
BRDA:46,12,0,5
BRDA:48,13,0,2
BRDA:50,14,0,2
BRDA:52,15,0,8
BRDA:53,16,0,9
BRDA:55,17,0,1
BRDA:57,18,0,7
BRDA:59,19,0,5
BRDA:61,20,0,1
BRDA:63,21,0,2
BRDA:65,22,0,1
BRDA:67,23,0,11
BRDA:69,24,0,2
BRDA:71,25,0,1
BRDA:73,26,0,1
BRDA:75,27,0,1
BRDA:77,28,0,1
BRDA:79,29,0,7
BRDA:81,30,0,8
BRDA:83,31,0,1
BRDA:85,32,0,7
BRDA:87,33,0,2
BRDA:89,34,0,1
BRDA:91,35,0,1
BRF:36
BRH:36
end_of_record
TN:
SF:src/client/runtime.ts
FN:35,<instance_members_initializer>
FN:54,Runtime
FN:62,set
FN:69,clear
FN:76,getState
FN:77,setState
FN:78,waitFor
FN:79,emit
FN:80,dispatch
FN:84,get state
FN:89,run
FN:90,exec
FN:113,dispatch
FN:117,run.then.logger.error.error.error
FN:124,setState
FN:166,waitFor
FN:178,signal.addEventListener.once
FN:187,emit
FN:204,notify
FN:209,safely
FN:218,on
FN:225,subscribe
FN:241,subscribeStatus
FN:260,subscribeAuthority
FN:275,update
FN:279,dispose
FNF:26
FNH:26
FNDA:13,<instance_members_initializer>
FNDA:13,Runtime
FNDA:35,set
FNDA:9,clear
FNDA:223,getState
FNDA:108,setState
FNDA:10,waitFor
FNDA:21,emit
FNDA:58,dispatch
FNDA:38,get state
FNDA:93,run
FNDA:92,exec
FNDA:70,dispatch
FNDA:58,run.then.logger.error.error.error
FNDA:129,setState
FNDA:16,waitFor
FNDA:2,signal.addEventListener.once
FNDA:42,emit
FNDA:62,notify
FNDA:94,safely
FNDA:35,on
FNDA:6,subscribe
FNDA:3,subscribeStatus
FNDA:4,subscribeAuthority
FNDA:13,update
FNDA:3,dispose
DA:1,1
DA:35,1
DA:36,13
DA:37,13
DA:38,13
DA:39,13
DA:40,13
DA:41,13
DA:42,13
DA:43,13
DA:44,13
DA:45,13
DA:46,13
DA:47,13
DA:48,13
DA:49,13
DA:50,13
DA:51,13
DA:52,13
DA:54,13
DA:55,13
DA:56,13
DA:57,13
DA:58,13
DA:59,13
DA:60,13
DA:61,13
DA:62,13
DA:63,35
DA:64,35
DA:65,5
DA:66,5
DA:67,35
DA:68,35
DA:69,13
DA:70,9
DA:71,9
DA:72,9
DA:73,13
DA:74,13
DA:75,13
DA:76,13
DA:77,13
DA:78,13
DA:79,13
DA:80,13
DA:81,13
DA:82,13
DA:84,13
DA:85,38
DA:86,38
DA:89,13
DA:90,93
DA:91,93
DA:92,93
DA:93,93
DA:94,40
DA:95,40
DA:96,39
DA:97,33
DA:98,39
DA:99,39
DA:100,39
DA:101,39
DA:102,93
DA:103,93
DA:104,93
DA:105,93
DA:106,93
DA:107,35
DA:108,93
DA:109,93
DA:110,93
DA:113,13
DA:114,70
DA:115,65
DA:116,65
DA:117,65
DA:118,65
DA:119,1
DA:120,1
DA:121,65
DA:122,70
DA:124,13
DA:125,129
DA:126,129
DA:127,120
DA:128,129
DA:129,17
DA:130,17
DA:131,17
DA:132,17
DA:133,1
DA:134,1
DA:135,1
DA:136,1
DA:137,17
DA:138,1
DA:139,1
DA:140,1
DA:141,17
DA:142,129
DA:143,47
DA:144,10
DA:145,10
DA:146,3
DA:147,3
DA:148,10
DA:149,10
DA:150,129
DA:151,7
DA:152,7
DA:153,6
DA:154,6
DA:155,2
DA:156,2
DA:157,2
DA:158,2
DA:159,120
DA:160,129
DA:161,18
DA:162,18
DA:163,18
DA:164,129
DA:166,13
DA:167,16
DA:168,16
DA:169,16
DA:170,1
DA:171,1
DA:172,16
DA:173,5
DA:174,5
DA:175,5
DA:176,5
DA:177,5
DA:178,5
DA:179,2
DA:180,2
DA:181,5
DA:182,5
DA:183,5
DA:184,16
DA:187,13
DA:188,42
DA:189,42
DA:190,5
DA:191,5
DA:192,42
DA:193,5
DA:194,5
DA:195,42
DA:196,9
DA:197,9
DA:198,42
DA:199,23
DA:200,42
DA:201,42
DA:202,42
DA:204,13
DA:205,62
DA:206,62
DA:207,62
DA:209,13
DA:210,94
DA:211,94
DA:212,94
DA:213,1
DA:214,1
DA:215,94
DA:218,13
DA:219,35
DA:220,35
DA:221,35
DA:222,35
DA:223,35
DA:225,13
DA:226,6
DA:227,6
DA:228,6
DA:229,6
DA:230,6
DA:231,4
DA:232,4
DA:233,4
DA:234,6
DA:235,3
DA:236,2
DA:237,2
DA:238,3
DA:239,6
DA:241,13
DA:242,3
DA:243,3
DA:244,3
DA:245,3
DA:246,3
DA:247,2
DA:248,2
DA:249,2
DA:250,2
DA:251,3
DA:252,1
DA:253,1
DA:254,1
DA:255,1
DA:256,1
DA:257,1
DA:258,3
DA:260,13
DA:261,4
DA:262,4
DA:263,4
DA:264,4
DA:265,3
DA:266,3
DA:267,3
DA:268,4
DA:269,2
DA:270,2
DA:271,2
DA:272,4
DA:275,13
DA:276,13
DA:277,13
DA:279,13
DA:280,3
DA:281,3
DA:282,3
DA:283,3
DA:284,3
DA:285,13
LF:232
LH:232
BRDA:35,0,0,13
BRDA:54,1,0,13
BRDA:57,2,0,7
BRDA:62,3,0,35
BRDA:64,4,0,5
BRDA:66,5,0,4
BRDA:69,6,0,9
BRDA:76,7,0,223
BRDA:77,8,0,108
BRDA:78,9,0,10
BRDA:79,10,0,21
BRDA:80,11,0,58
BRDA:84,12,0,38
BRDA:89,13,0,93
BRDA:92,14,0,18
BRDA:92,15,0,75
BRDA:93,16,0,40
BRDA:95,17,0,1
BRDA:95,18,0,39
BRDA:101,19,0,35
BRDA:102,20,0,32
BRDA:90,21,0,92
BRDA:90,22,0,574
BRDA:96,23,0,33
BRDA:104,24,0,2
BRDA:106,25,0,35
BRDA:107,26,0,32
BRDA:113,27,0,70
BRDA:114,28,0,5
BRDA:114,29,0,65
BRDA:117,30,0,58
BRDA:118,31,0,1
BRDA:124,32,0,129
BRDA:126,33,0,9
BRDA:126,34,0,120
BRDA:128,35,0,17
BRDA:132,36,0,16
BRDA:132,37,0,1
BRDA:137,38,0,1
BRDA:141,39,0,120
BRDA:142,40,0,47
BRDA:143,41,0,37
BRDA:143,42,0,10
BRDA:149,43,0,120
BRDA:150,44,0,7
BRDA:152,45,0,1
BRDA:152,46,0,6
BRDA:154,47,0,4
BRDA:154,48,0,2
BRDA:158,49,0,120
BRDA:160,50,0,106
BRDA:160,51,0,18
BRDA:145,52,0,3
BRDA:156,53,0,2
BRDA:166,54,0,16
BRDA:168,55,0,9
BRDA:169,56,0,1
BRDA:171,57,0,6
BRDA:172,58,0,3
BRDA:172,59,0,1
BRDA:172,60,0,5
BRDA:173,61,0,5
BRDA:176,62,0,2
BRDA:178,63,0,2
BRDA:187,64,0,42
BRDA:189,65,0,5
BRDA:190,66,0,1
BRDA:190,67,0,4
BRDA:192,68,0,5
BRDA:193,69,0,4
BRDA:193,70,0,2
BRDA:195,71,0,9
BRDA:198,72,0,23
BRDA:190,73,0,4
BRDA:193,74,0,2
BRDA:204,75,0,62
BRDA:205,76,0,47
BRDA:205,77,0,13
BRDA:206,78,0,8
BRDA:206,79,0,65
BRDA:205,80,0,13
BRDA:206,81,0,65
BRDA:209,82,0,94
BRDA:212,83,0,1
BRDA:218,84,0,35
BRDA:219,85,0,29
BRDA:222,86,0,2
BRDA:225,87,0,6
BRDA:230,88,0,4
BRDA:232,89,0,4
BRDA:234,90,0,3
BRDA:235,91,0,2
BRDA:235,92,0,1
BRDA:241,93,0,3
BRDA:246,94,0,2
BRDA:249,95,0,2
BRDA:251,96,0,1
BRDA:260,97,0,4
BRDA:261,98,0,3
BRDA:264,99,0,3
BRDA:266,100,0,2
BRDA:266,101,0,2
BRDA:268,102,0,2
BRDA:270,103,0,1
BRDA:275,104,0,13
BRDA:279,105,0,3
BRDA:281,106,0,4
BRDA:282,107,0,1
BRF:108
BRH:108
end_of_record
TN:
SF:src/client/sp00ky-client.ts
FN:72,<instance_members_initializer>
FN:87,Sp00kyClient
FN:104,dispatch
FN:105,setTabsChannel
FN:110,initModules
FN:111,detachWindow
FN:112,setDetachWindow
FN:129,query
FN:131,subscribe
FN:134,enqueueDownEvent
FN:139,getActiveQueries
FN:140,getQueryById
FN:144,phaseTimings
FN:171,wireAdapters
FN:173,onStreamUpdate
FN:196,forwardToDevTools
FN:220,init
FN:224,close
FN:242,isLocalReady
FN:248,query
FN:256,registerInput
FN:268,initQuery
FN:272,queryRaw
FN:282,preload
FN:287,subscribe
FN:291,deregisterQuery
FN:297,subscribeQueryStatus
FN:301,subscribeQueryAuthority
FN:305,reportFrontendTiming
FN:311,create
FN:316,update
FN:321,delete
FN:325,run
FN:332,get failedMutationCount
FN:336,subscribeToFailedMutations
FN:343,listFailedMutations
FN:347,retryFailedMutation
FN:351,discardFailedMutation
FN:357,get tabRole
FN:361,get remoteClient
FN:365,get localClient
FN:369,get pendingMutationCount
FN:374,get liveRetryCount
FN:378,subscribeToPendingMutations
FN:385,get fetchingQueryCount
FN:389,subscribeToFetchActivity
FN:396,get syncHealth
FN:400,subscribeToSyncHealth
FN:407,get storageHealth
FN:411,subscribeToStorageHealth
FN:418,get state
FN:423,dispatch
FN:429,authenticate
FN:434,deauthenticate
FN:438,useRemote
FN:442,remoteQuery
FN:446,feature
FN:450,setFeatureOverride
FN:454,clearFeatureOverrides
FN:458,getFeatureOverrides
FN:462,appRelease
FN:466,openCrdtField
FN:470,closeCrdtField
FN:474,bucket
FN:478,getBlobCacheStats
FNF:65
FNH:60
FNDA:8,<instance_members_initializer>
FNDA:8,Sp00kyClient
FNDA:0,dispatch
FNDA:0,setTabsChannel
FNDA:0,initModules
FNDA:0,detachWindow
FNDA:0,setDetachWindow
FNDA:2,query
FNDA:2,subscribe
FNDA:2,enqueueDownEvent
FNDA:2,getActiveQueries
FNDA:2,getQueryById
FNDA:2,phaseTimings
FNDA:8,wireAdapters
FNDA:1,onStreamUpdate
FNDA:50,forwardToDevTools
FNDA:6,init
FNDA:1,close
FNDA:2,isLocalReady
FNDA:2,query
FNDA:5,registerInput
FNDA:2,initQuery
FNDA:1,queryRaw
FNDA:3,preload
FNDA:1,subscribe
FNDA:2,deregisterQuery
FNDA:1,subscribeQueryStatus
FNDA:1,subscribeQueryAuthority
FNDA:2,reportFrontendTiming
FNDA:2,create
FNDA:1,update
FNDA:1,delete
FNDA:1,run
FNDA:1,get failedMutationCount
FNDA:2,subscribeToFailedMutations
FNDA:1,listFailedMutations
FNDA:1,retryFailedMutation
FNDA:1,discardFailedMutation
FNDA:2,get tabRole
FNDA:1,get remoteClient
FNDA:1,get localClient
FNDA:3,get pendingMutationCount
FNDA:1,get liveRetryCount
FNDA:2,subscribeToPendingMutations
FNDA:2,get fetchingQueryCount
FNDA:2,subscribeToFetchActivity
FNDA:5,get syncHealth
FNDA:2,subscribeToSyncHealth
FNDA:1,get storageHealth
FNDA:1,subscribeToStorageHealth
FNDA:9,get state
FNDA:1,dispatch
FNDA:1,authenticate
FNDA:1,deauthenticate
FNDA:1,useRemote
FNDA:1,remoteQuery
FNDA:1,feature
FNDA:1,setFeatureOverride
FNDA:1,clearFeatureOverrides
FNDA:1,getFeatureOverrides
FNDA:1,appRelease
FNDA:1,openCrdtField
FNDA:1,closeCrdtField
FNDA:1,bucket
FNDA:1,getBlobCacheStats
DA:1,1
DA:59,1
DA:72,1
DA:73,8
DA:74,8
DA:76,8
DA:77,8
DA:78,8
DA:79,8
DA:80,8
DA:81,8
DA:82,8
DA:83,8
DA:84,8
DA:85,8
DA:87,8
DA:88,8
DA:89,8
DA:90,8
DA:91,8
DA:92,8
DA:93,8
DA:94,8
DA:95,8
DA:96,8
DA:97,8
DA:98,8
DA:99,8
DA:100,8
DA:101,8
DA:102,8
DA:103,8
DA:104,8
DA:105,8
DA:106,0
DA:107,0
DA:108,0
DA:109,0
DA:110,8
DA:111,8
DA:112,8
DA:113,8
DA:114,8
DA:115,0
DA:116,0
DA:117,8
DA:118,8
DA:119,0
DA:120,0
DA:121,0
DA:122,0
DA:123,0
DA:124,0
DA:125,8
DA:126,8
DA:128,8
DA:129,8
DA:130,2
DA:131,8
DA:132,2
DA:133,8
DA:134,8
DA:135,8
DA:136,8
DA:138,8
DA:139,8
DA:140,8
DA:141,2
DA:142,2
DA:143,2
DA:144,8
DA:145,2
DA:146,2
DA:147,2
DA:148,8
DA:149,8
DA:150,8
DA:151,8
DA:152,8
DA:153,8
DA:154,1
DA:155,0
DA:156,0
DA:157,0
DA:158,0
DA:159,0
DA:160,0
DA:161,0
DA:162,0
DA:163,0
DA:164,0
DA:165,1
DA:166,1
DA:167,8
DA:168,8
DA:171,8
DA:172,8
DA:173,8
DA:174,8
DA:175,8
DA:176,8
DA:177,8
DA:178,5
DA:179,5
DA:180,5
DA:181,2
DA:182,1
DA:183,5
DA:184,3
DA:185,2
DA:186,3
DA:187,8
DA:188,8
DA:189,1
DA:190,8
DA:191,8
DA:192,8
DA:193,8
DA:194,8
DA:196,8
DA:197,50
DA:198,50
DA:199,1
DA:200,1
DA:201,50
DA:202,3
DA:203,3
DA:204,50
DA:205,1
DA:206,1
DA:207,50
DA:208,5
DA:209,5
DA:210,50
DA:211,1
DA:212,1
DA:213,50
DA:214,39
DA:215,50
DA:216,50
DA:220,8
DA:221,6
DA:222,6
DA:224,8
DA:225,1
DA:226,1
DA:227,1
DA:228,1
DA:229,1
DA:230,1
DA:231,1
DA:232,1
DA:233,1
DA:234,1
DA:235,1
DA:236,1
DA:237,1
DA:238,1
DA:239,1
DA:240,1
DA:242,8
DA:243,2
DA:244,2
DA:248,8
DA:249,2
DA:250,2
DA:251,2
DA:252,2
DA:253,2
DA:254,2
DA:256,8
DA:257,5
DA:258,5
DA:259,4
DA:260,4
DA:261,4
DA:262,5
DA:263,5
DA:264,5
DA:265,5
DA:266,5
DA:268,8
DA:269,2
DA:270,2
DA:272,8
DA:273,1
DA:274,1
DA:275,1
DA:282,8
DA:283,3
DA:284,3
DA:285,3
DA:287,8
DA:288,1
DA:289,1
DA:291,8
DA:292,2
DA:293,2
DA:294,1
DA:295,2
DA:297,8
DA:298,1
DA:299,1
DA:301,8
DA:302,1
DA:303,1
DA:305,8
DA:306,2
DA:307,2
DA:311,8
DA:312,2
DA:313,2
DA:314,2
DA:316,8
DA:317,1
DA:318,1
DA:319,1
DA:321,8
DA:322,1
DA:323,1
DA:325,8
DA:326,1
DA:327,1
DA:328,1
DA:332,8
DA:333,1
DA:334,1
DA:336,8
DA:337,2
DA:338,2
DA:339,1
DA:340,2
DA:341,2
DA:343,8
DA:344,1
DA:345,1
DA:347,8
DA:348,1
DA:349,1
DA:351,8
DA:352,1
DA:353,1
DA:357,8
DA:358,2
DA:359,2
DA:361,8
DA:362,1
DA:363,1
DA:365,8
DA:366,1
DA:367,1
DA:369,8
DA:370,3
DA:371,3
DA:374,8
DA:375,1
DA:376,1
DA:378,8
DA:379,2
DA:380,2
DA:381,2
DA:382,2
DA:383,2
DA:385,8
DA:386,2
DA:387,2
DA:389,8
DA:390,2
DA:391,2
DA:392,2
DA:393,2
DA:394,2
DA:396,8
DA:397,5
DA:398,5
DA:400,8
DA:401,2
DA:402,2
DA:403,1
DA:404,2
DA:405,2
DA:407,8
DA:408,1
DA:409,1
DA:411,8
DA:412,1
DA:413,1
DA:414,1
DA:415,1
DA:418,8
DA:419,9
DA:420,9
DA:423,8
DA:424,1
DA:425,1
DA:429,8
DA:430,1
DA:431,1
DA:432,1
DA:434,8
DA:435,1
DA:436,1
DA:438,8
DA:439,1
DA:440,1
DA:442,8
DA:443,1
DA:444,1
DA:446,8
DA:447,1
DA:448,1
DA:450,8
DA:451,1
DA:452,1
DA:454,8
DA:455,1
DA:456,1
DA:458,8
DA:459,1
DA:460,1
DA:462,8
DA:463,1
DA:464,1
DA:466,8
DA:467,1
DA:468,1
DA:470,8
DA:471,1
DA:472,1
DA:474,8
DA:475,1
DA:476,1
DA:478,8
DA:479,1
DA:480,1
DA:481,8
LF:336
LH:314
BRDA:72,0,0,8
BRDA:87,1,0,8
BRDA:91,2,0,0
BRDA:95,3,0,7
BRDA:96,4,0,7
BRDA:98,5,0,1
BRDA:98,6,0,7
BRDA:98,7,0,1
BRDA:98,8,0,6
BRDA:99,9,0,7
BRDA:100,10,0,1
BRDA:100,11,0,1
BRDA:100,12,0,7
BRDA:114,13,0,0
BRDA:114,14,0,0
BRDA:114,15,0,0
BRDA:118,16,0,0
BRDA:153,17,0,1
BRDA:129,18,0,2
BRDA:131,19,0,2
BRDA:134,20,0,2
BRDA:139,21,0,2
BRDA:140,22,0,2
BRDA:142,23,0,1
BRDA:142,24,0,1
BRDA:141,25,0,2
BRDA:144,26,0,2
BRDA:145,27,0,1
BRDA:146,28,0,1
BRDA:146,29,0,1
BRDA:145,30,0,1
BRDA:171,31,0,8
BRDA:173,32,0,1
BRDA:175,33,0,1
BRDA:176,34,0,1
BRDA:177,35,0,5
BRDA:178,36,0,0
BRDA:180,37,0,2
BRDA:181,38,0,1
BRDA:183,39,0,3
BRDA:184,40,0,1
BRDA:184,41,0,2
BRDA:185,42,0,1
BRDA:185,43,0,1
BRDA:188,44,0,1
BRDA:191,45,0,50
BRDA:196,46,0,50
BRDA:198,47,0,1
BRDA:201,48,0,3
BRDA:204,49,0,1
BRDA:207,50,0,5
BRDA:210,51,0,1
BRDA:213,52,0,39
BRDA:220,53,0,6
BRDA:224,54,0,1
BRDA:234,55,0,0
BRDA:235,56,0,0
BRDA:242,57,0,2
BRDA:248,58,0,2
BRDA:253,59,0,2
BRDA:253,60,0,1
BRDA:256,61,0,5
BRDA:258,62,0,1
BRDA:258,63,0,4
BRDA:262,64,0,1
BRDA:257,65,0,5
BRDA:268,66,0,2
BRDA:272,67,0,1
BRDA:273,68,0,0
BRDA:282,69,0,3
BRDA:284,70,0,1
BRDA:284,71,0,2
BRDA:287,72,0,1
BRDA:291,73,0,2
BRDA:293,74,0,1
BRDA:293,75,0,1
BRDA:297,76,0,1
BRDA:301,77,0,1
BRDA:305,78,0,2
BRDA:306,79,0,1
BRDA:311,80,0,2
BRDA:313,81,0,0
BRDA:316,82,0,1
BRDA:321,83,0,1
BRDA:325,84,0,1
BRDA:332,85,0,1
BRDA:336,86,0,2
BRDA:338,87,0,1
BRDA:343,88,0,1
BRDA:347,89,0,1
BRDA:351,90,0,1
BRDA:357,91,0,2
BRDA:358,92,0,0
BRDA:358,93,0,0
BRDA:361,94,0,1
BRDA:365,95,0,1
BRDA:369,96,0,3
BRDA:374,97,0,1
BRDA:378,98,0,2
BRDA:380,99,0,2
BRDA:385,100,0,2
BRDA:389,101,0,2
BRDA:391,102,0,2
BRDA:396,103,0,5
BRDA:400,104,0,2
BRDA:402,105,0,1
BRDA:407,106,0,1
BRDA:411,107,0,1
BRDA:412,108,0,0
BRDA:418,109,0,9
BRDA:423,110,0,1
BRDA:429,111,0,1
BRDA:434,112,0,1
BRDA:438,113,0,1
BRDA:442,114,0,1
BRDA:446,115,0,1
BRDA:450,116,0,1
BRDA:454,117,0,1
BRDA:458,118,0,1
BRDA:462,119,0,1
BRDA:466,120,0,1
BRDA:470,121,0,1
BRDA:474,122,0,1
BRDA:478,123,0,1
BRF:124
BRH:111
end_of_record
TN:
SF:src/events/index.ts
FN:82,<instance_members_initializer>
FN:96,EventSystem
FN:109,get eventTypes
FN:120,subscribe
FN:146,subscribeMany
FN:159,unsubscribe
FN:174,emit
FN:192,addEvent
FN:201,handleDebouncedEvent
FN:216,resolve
FN:219,scheduleProcessing
FN:225,processEvents
FN:236,dequeue
FN:245,setLastEvent
FN:249,broadcastEvent
FN:260,createEventSystem
FNF:16
FNH:14
FNDA:66,<instance_members_initializer>
FNDA:66,EventSystem
FNDA:0,get eventTypes
FNDA:15,subscribe
FNDA:1,subscribeMany
FNDA:4,unsubscribe
FNDA:52,emit
FNDA:57,addEvent
FNDA:5,handleDebouncedEvent
FNDA:0,resolve
FNDA:55,scheduleProcessing
FNDA:55,processEvents
FNDA:110,dequeue
FNDA:55,setLastEvent
FNDA:55,broadcastEvent
FNDA:53,createEventSystem
DA:82,1
DA:83,66
DA:84,66
DA:85,66
DA:86,66
DA:89,66
DA:90,66
DA:94,66
DA:96,66
DA:97,66
DA:98,66
DA:99,66
DA:100,135
DA:101,135
DA:102,66
DA:103,66
DA:104,66
DA:105,66
DA:106,66
DA:107,66
DA:109,66
DA:110,0
DA:111,0
DA:120,66
DA:121,15
DA:122,15
DA:123,15
DA:124,15
DA:125,15
DA:126,15
DA:127,15
DA:128,15
DA:129,15
DA:130,15
DA:131,15
DA:132,15
DA:133,2
DA:134,2
DA:135,2
DA:136,15
DA:137,15
DA:146,66
DA:147,1
DA:148,1
DA:149,1
DA:150,1
DA:151,1
DA:152,1
DA:159,66
DA:160,4
DA:161,4
DA:162,3
DA:163,3
DA:164,3
DA:165,3
DA:166,1
DA:167,4
DA:174,66
DA:178,52
DA:179,52
DA:180,52
DA:181,52
DA:182,52
DA:183,52
DA:192,66
DA:193,57
DA:194,5
DA:195,5
DA:196,5
DA:197,52
DA:198,52
DA:199,57
DA:201,66
DA:202,5
DA:203,5
DA:204,5
DA:205,5
DA:206,5
DA:207,2
DA:208,2
DA:210,5
DA:211,3
DA:212,3
DA:213,3
DA:214,5
DA:216,5
DA:217,5
DA:219,66
DA:220,55
DA:221,55
DA:222,55
DA:223,55
DA:225,66
DA:226,55
DA:227,55
DA:229,55
DA:230,55
DA:231,55
DA:232,55
DA:233,55
DA:234,55
DA:236,66
DA:237,110
DA:238,110
DA:240,55
DA:241,55
DA:242,55
DA:243,110
DA:245,66
DA:246,55
DA:247,55
DA:249,66
DA:250,55
DA:251,55
DA:252,13
DA:253,13
DA:254,1
DA:255,1
DA:256,13
DA:257,55
DA:258,66
DA:260,1
DA:261,53
DA:262,53
DA:263,53
DA:264,53
LF:126
LH:124
BRDA:82,0,0,66
BRDA:96,1,0,66
BRDA:99,2,0,135
BRDA:120,3,0,15
BRDA:129,4,0,3
BRDA:129,5,0,14
BRDA:132,6,0,3
BRDA:132,7,0,2
BRDA:134,8,0,1
BRDA:146,9,0,1
BRDA:151,10,0,2
BRDA:159,11,0,4
BRDA:161,12,0,3
BRDA:165,13,0,1
BRDA:174,14,0,52
BRDA:192,15,0,57
BRDA:193,16,0,5
BRDA:193,17,0,5
BRDA:196,18,0,52
BRDA:201,19,0,5
BRDA:206,20,0,2
BRDA:210,21,0,3
BRDA:219,22,0,55
BRDA:221,23,0,55
BRDA:225,24,0,55
BRDA:226,25,0,0
BRDA:236,26,0,110
BRDA:238,27,0,55
BRDA:245,28,0,55
BRDA:249,29,0,55
BRDA:251,30,0,13
BRDA:253,31,0,1
BRDA:260,32,0,53
BRF:33
BRH:32
end_of_record
TN:
SF:src/kernel/constants.ts
FN:51,backoffMs
FNF:1
FNH:1
FNDA:27,backoffMs
DA:8,1
DA:10,1
DA:12,1
DA:14,1
DA:16,1
DA:18,1
DA:20,1
DA:22,1
DA:23,1
DA:25,1
DA:27,1
DA:28,1
DA:29,1
DA:30,1
DA:31,1
DA:33,1
DA:34,1
DA:36,1
DA:38,1
DA:40,1
DA:41,1
DA:43,1
DA:45,1
DA:47,1
DA:49,1
DA:51,1
DA:52,27
DA:53,27
DA:54,27
LF:29
LH:29
BRDA:51,0,0,27
BRF:1
BRH:1
end_of_record
TN:
SF:src/kernel/effects.ts
FN:111,query
FN:112,select
FN:113,execute
FN:119,getById
FN:120,upsert
FN:127,delete
FN:129,epoch
FN:132,query
FN:134,live
FN:135,kill
FN:138,register
FN:139,unregister
FN:140,ingest
FN:143,set
FN:144,clear
FN:147,read
FN:148,update
FN:150,wait
FN:152,now
FN:153,id
FN:154,hash
FN:155,emit
FN:156,dispatch
FN:157,all
FN:158,service
FNF:25
FNH:25
FNDA:126,query
FNDA:14,select
FNDA:54,execute
FNDA:21,getById
FNDA:18,upsert
FNDA:4,delete
FNDA:14,epoch
FNDA:93,query
FNDA:7,live
FNDA:4,kill
FNDA:23,register
FNDA:5,unregister
FNDA:42,ingest
FNDA:90,set
FNDA:36,clear
FNDA:544,read
FNDA:493,update
FNDA:31,wait
FNDA:143,now
FNDA:29,id
FNDA:43,hash
FNDA:146,emit
FNDA:218,dispatch
FNDA:41,all
FNDA:231,service
DA:109,1
DA:110,1
DA:111,1
DA:112,1
DA:113,1
DA:114,54
DA:115,54
DA:116,54
DA:117,54
DA:118,54
DA:119,1
DA:120,1
DA:121,18
DA:122,18
DA:123,18
DA:124,18
DA:125,18
DA:126,18
DA:127,1
DA:129,1
DA:130,1
DA:131,1
DA:132,1
DA:134,1
DA:135,1
DA:136,1
DA:137,1
DA:138,1
DA:139,1
DA:140,1
DA:141,1
DA:142,1
DA:143,1
DA:144,1
DA:145,1
DA:146,1
DA:147,1
DA:148,1
DA:150,1
DA:151,1
DA:152,1
DA:153,1
DA:154,1
DA:155,1
DA:156,1
DA:157,1
DA:158,1
DA:159,1
LF:48
LH:48
BRDA:111,0,0,126
BRDA:112,1,0,14
BRDA:113,2,0,54
BRDA:119,3,0,21
BRDA:120,4,0,18
BRDA:127,5,0,4
BRDA:129,6,0,14
BRDA:132,7,0,93
BRDA:134,8,0,7
BRDA:135,9,0,4
BRDA:138,10,0,23
BRDA:139,11,0,5
BRDA:140,12,0,42
BRDA:143,13,0,90
BRDA:144,14,0,36
BRDA:147,15,0,544
BRDA:148,16,0,493
BRDA:150,17,0,31
BRDA:152,18,0,143
BRDA:153,19,0,29
BRDA:154,20,0,43
BRDA:155,21,0,146
BRDA:156,22,0,218
BRDA:157,23,0,41
BRDA:158,24,0,231
BRF:25
BRH:25
end_of_record
TN:
SF:src/kernel/events.ts
FN:1,(empty-report)
FNF:1
FNH:1
FNDA:1,(empty-report)
LF:0
LH:0
BRDA:1,0,0,1
BRF:1
BRH:1
end_of_record
TN:
SF:src/kernel/interpreter.ts
FN:55,createInterpreter
FN:56,interpret
FNF:2
FNH:2
FNDA:20,createInterpreter
FNDA:616,interpret
DA:1,1
DA:55,1
DA:56,20
DA:57,616
DA:58,616
DA:59,42
DA:60,616
DA:61,3
DA:62,616
DA:63,6
DA:64,616
DA:65,7
DA:66,616
DA:67,3
DA:68,616
DA:69,1
DA:70,616
DA:71,2
DA:72,616
DA:73,14
DA:74,14
DA:75,11
DA:76,3
DA:77,14
DA:78,616
DA:79,2
DA:80,616
DA:81,1
DA:82,616
DA:83,9
DA:84,9
DA:85,9
DA:86,9
DA:87,9
DA:88,9
DA:89,9
DA:90,9
DA:91,9
DA:92,9
DA:93,9
DA:94,8
DA:95,8
DA:96,8
DA:97,9
DA:98,9
DA:99,9
DA:100,9
DA:101,9
DA:102,9
DA:103,9
DA:104,9
DA:105,616
DA:106,2
DA:107,616
DA:108,6
DA:109,616
DA:110,27
DA:111,616
DA:112,6
DA:113,616
DA:114,116
DA:115,616
DA:116,109
DA:117,109
DA:118,109
DA:119,109
DA:120,616
DA:121,13
DA:122,616
DA:123,33
DA:124,616
DA:125,12
DA:126,616
DA:127,14
DA:128,616
DA:129,22
DA:130,616
DA:131,58
DA:132,616
DA:133,4
DA:134,4
DA:135,4
DA:136,616
DA:137,104
DA:138,104
DA:139,104
DA:140,616
DA:141,616
DA:142,20
DA:143,20
LF:90
LH:90
BRDA:55,0,0,20
BRDA:56,1,0,616
BRDA:58,2,0,42
BRDA:59,3,0,41
BRDA:59,4,0,1
BRDA:60,5,0,3
BRDA:62,6,0,6
BRDA:63,7,0,4
BRDA:63,8,0,2
BRDA:64,9,0,7
BRDA:66,10,0,3
BRDA:68,11,0,1
BRDA:70,12,0,2
BRDA:72,13,0,14
BRDA:74,14,0,11
BRDA:75,15,0,3
BRDA:78,16,0,2
BRDA:80,17,0,1
BRDA:82,18,0,9
BRDA:93,19,0,1
BRDA:93,20,0,8
BRDA:97,21,0,1
BRDA:97,22,0,7
BRDA:98,23,0,1
BRDA:98,24,0,7
BRDA:99,25,0,1
BRDA:99,26,0,7
BRDA:105,27,0,2
BRDA:107,28,0,6
BRDA:109,29,0,27
BRDA:111,30,0,6
BRDA:113,31,0,116
BRDA:115,32,0,109
BRDA:120,33,0,13
BRDA:121,34,0,11
BRDA:122,35,0,33
BRDA:124,36,0,12
BRDA:125,37,0,5
BRDA:125,38,0,7
BRDA:126,39,0,14
BRDA:128,40,0,22
BRDA:130,41,0,58
BRDA:132,42,0,4
BRDA:136,43,0,104
BRDA:75,44,0,1
BRDA:79,45,0,1
BRDA:110,46,0,2
BRDA:133,47,0,7
BRDA:134,48,0,7
BRDA:134,49,0,6
BRDA:134,50,0,1
BRF:51
BRH:51
end_of_record
TN:
SF:src/kernel/saga.ts
FN:16,runSaga
FN:46,emptyLanes
FN:50,acquire
FN:62,release
FNF:4
FNH:4
FNDA:331,runSaga
FNDA:243,emptyLanes
FNDA:7,acquire
FNDA:4,release
DA:16,331
DA:17,331
DA:18,331
DA:19,2348
DA:20,2348
DA:21,2348
DA:22,2346
DA:23,48
DA:24,48
DA:25,48
DA:26,2294
DA:27,2294
DA:28,314
DA:29,314
DA:46,1
DA:50,1
DA:51,7
DA:52,4
DA:53,4
DA:54,4
DA:55,4
DA:56,7
DA:57,2
DA:58,7
DA:59,7
DA:60,7
DA:62,1
DA:63,4
DA:64,4
DA:65,2
DA:66,2
DA:67,1
DA:68,2
DA:69,2
DA:70,2
DA:71,2
DA:72,2
DA:73,2
LF:38
LH:38
BRDA:16,0,0,331
BRDA:18,1,0,2348
BRDA:21,2,0,2346
BRDA:21,3,0,2294
BRDA:22,4,0,48
BRDA:25,5,0,2294
BRDA:27,6,0,314
BRDA:46,7,0,243
BRDA:50,8,0,7
BRDA:51,9,0,4
BRDA:55,10,0,3
BRDA:56,11,0,1
BRDA:56,12,0,2
BRDA:58,13,0,1
BRDA:62,14,0,4
BRDA:63,15,0,2
BRDA:64,16,0,2
BRDA:66,17,0,1
BRF:18
BRH:18
end_of_record
TN:
SF:src/modules/ref-tables.ts
FN:43,sanitizeUserId
FN:68,bucketIdForUser
FN:80,listRefTableFor
FNF:3
FNH:3
FNDA:66,sanitizeUserId
FNDA:11,bucketIdForUser
FNDA:58,listRefTableFor
DA:1,1
DA:23,1
DA:30,1
DA:43,1
DA:44,66
DA:45,23
DA:46,23
DA:47,20
DA:48,3
DA:49,3
DA:50,0
DA:51,66
DA:52,66
DA:53,66
DA:54,28
DA:55,16
DA:56,16
DA:68,1
DA:69,11
DA:70,7
DA:71,10
DA:72,3
DA:73,3
DA:80,1
DA:84,58
DA:85,58
DA:86,52
DA:87,58
DA:88,58
LF:29
LH:28
BRDA:43,0,0,66
BRDA:44,1,0,25
BRDA:44,2,0,65
BRDA:44,3,0,43
BRDA:44,4,0,27
BRDA:44,5,0,23
BRDA:46,6,0,20
BRDA:47,7,0,3
BRDA:49,8,0,0
BRDA:51,9,0,28
BRDA:51,10,0,0
BRDA:51,11,0,27
BRDA:51,12,0,23
BRDA:52,13,0,22
BRDA:52,14,0,1
BRDA:53,15,0,28
BRDA:53,16,0,1
BRDA:53,17,0,22
BRDA:54,18,0,6
BRDA:54,19,0,16
BRDA:68,20,0,11
BRDA:69,21,0,9
BRDA:69,22,0,8
BRDA:69,23,0,4
BRDA:69,24,0,10
BRDA:69,25,0,7
BRDA:71,26,0,4
BRDA:71,27,0,3
BRDA:80,28,0,58
BRDA:84,29,0,3
BRDA:84,30,0,55
BRDA:85,31,0,3
BRDA:85,32,0,52
BRDA:87,33,0,9
BRDA:87,34,0,43
BRF:35
BRH:33
end_of_record
TN:
SF:src/modules/app-release/index.ts
FN:43,<instance_members_initializer>
FN:49,AppReleaseHandle
FN:51,set
FN:57,snapshot
FN:61,version
FN:66,updateAvailable
FN:70,subscribe
FN:78,onClose
FN:82,close
FN:107,<instance_members_initializer>
FN:119,AppReleaseModule
FN:123,init
FN:135,release
FN:147,closeAll
FN:154,refresh
FN:161,teardownQuery
FN:166,ensureStarted
FN:179,querySubscription.deps.dataModule.subscribe.immediate
FN:192,applyRecords
FNF:19
FNH:18
FNDA:10,<instance_members_initializer>
FNDA:10,AppReleaseHandle
FNDA:8,set
FNDA:3,snapshot
FNDA:4,version
FNDA:7,updateAvailable
FNDA:0,subscribe
FNDA:10,onClose
FNDA:1,close
FNDA:14,<instance_members_initializer>
FNDA:14,AppReleaseModule
FNDA:1,init
FNDA:10,release
FNDA:1,closeAll
FNDA:1,refresh
FNDA:2,teardownQuery
FNDA:11,ensureStarted
FNDA:7,querySubscription.deps.dataModule.subscribe.immediate
FNDA:7,applyRecords
DA:1,1
DA:12,1
DA:32,1
DA:33,1
DA:34,1
DA:35,1
DA:36,1
DA:37,1
DA:43,1
DA:44,10
DA:45,10
DA:46,10
DA:47,10
DA:49,10
DA:51,10
DA:52,8
DA:53,8
DA:54,8
DA:55,8
DA:57,10
DA:58,3
DA:59,3
DA:61,10
DA:62,4
DA:63,4
DA:66,10
DA:67,7
DA:68,7
DA:70,10
DA:71,0
DA:72,0
DA:73,0
DA:74,0
DA:75,0
DA:76,0
DA:78,10
DA:79,10
DA:80,10
DA:82,10
DA:83,1
DA:84,1
DA:85,1
DA:86,1
DA:87,1
DA:88,10
DA:107,1
DA:108,14
DA:109,14
DA:110,14
DA:111,14
DA:113,14
DA:114,14
DA:115,14
DA:116,14
DA:117,14
DA:119,14
DA:120,14
DA:121,14
DA:123,14
DA:124,1
DA:128,1
DA:129,1
DA:130,1
DA:131,1
DA:132,1
DA:133,1
DA:135,14
DA:136,10
DA:137,10
DA:138,10
DA:139,10
DA:140,10
DA:141,1
DA:142,1
DA:143,10
DA:144,10
DA:145,10
DA:147,14
DA:148,1
DA:149,1
DA:150,1
DA:151,1
DA:152,1
DA:154,14
DA:155,1
DA:156,1
DA:157,1
DA:158,1
DA:159,1
DA:161,14
DA:162,2
DA:163,2
DA:164,2
DA:166,14
DA:167,11
DA:168,8
DA:169,8
DA:170,8
DA:171,8
DA:172,8
DA:173,8
DA:174,8
DA:175,8
DA:176,8
DA:177,8
DA:178,8
DA:179,8
DA:180,8
DA:181,8
DA:182,11
DA:183,0
DA:184,0
DA:185,0
DA:186,0
DA:187,11
DA:188,8
DA:189,8
DA:190,11
DA:192,14
DA:193,7
DA:194,7
DA:195,6
DA:196,6
DA:197,6
DA:198,6
DA:199,6
DA:200,6
DA:201,6
DA:202,6
DA:203,6
DA:204,7
DA:205,7
DA:206,7
DA:207,7
DA:208,7
DA:209,14
LF:136
LH:126
BRDA:43,0,0,10
BRDA:49,1,0,10
BRDA:51,2,0,8
BRDA:52,3,0,0
BRDA:54,4,0,0
BRDA:57,5,0,3
BRDA:61,6,0,4
BRDA:66,7,0,7
BRDA:78,8,0,10
BRDA:82,9,0,1
BRDA:83,10,0,0
BRDA:107,11,0,14
BRDA:119,12,0,14
BRDA:123,13,0,1
BRDA:124,14,0,0
BRDA:128,15,0,1
BRDA:129,16,0,0
BRDA:135,17,0,10
BRDA:139,18,0,0
BRDA:140,19,0,1
BRDA:141,20,0,0
BRDA:138,21,0,1
BRDA:147,22,0,1
BRDA:148,23,0,0
BRDA:154,24,0,1
BRDA:161,25,0,2
BRDA:162,26,0,1
BRDA:166,27,0,11
BRDA:167,28,0,10
BRDA:167,29,0,8
BRDA:167,30,0,3
BRDA:167,31,0,8
BRDA:182,32,0,0
BRDA:187,33,0,8
BRDA:179,34,0,7
BRDA:192,35,0,7
BRDA:194,36,0,0
BRDA:194,37,0,6
BRDA:205,38,0,7
BRDA:206,39,0,1
BRF:40
BRH:30
end_of_record
TN:
SF:src/modules/auth/index.ts
FN:51,decodeTokenClaims
FN:71,decodeAccessFromToken
FN:75,<instance_members_initializer>
FN:95,AuthService
FN:91,get eventSystem
FN:102,init
FN:106,getAccessDefinition
FN:114,subscribe
FN:127,notifyListeners
FN:149,restoreSessionFromToken
FN:178,check
FN:268,signOut
FN:286,setSession
FN:301,defaultAccessName
FN:306,signUp
FN:348,signIn
FNF:16
FNH:8
FNDA:8,decodeTokenClaims
FNDA:0,decodeAccessFromToken
FNDA:10,<instance_members_initializer>
FNDA:10,AuthService
FNDA:0,get eventSystem
FNDA:0,init
FNDA:0,getAccessDefinition
FNDA:1,subscribe
FNDA:9,notifyListeners
FNDA:9,restoreSessionFromToken
FNDA:3,check
FNDA:3,signOut
FNDA:0,setSession
FNDA:0,defaultAccessName
FNDA:0,signUp
FNDA:0,signIn
DA:1,1
DA:51,8
DA:52,8
DA:53,8
DA:54,8
DA:55,7
DA:56,7
DA:57,7
DA:58,8
DA:59,8
DA:60,8
DA:61,8
DA:62,8
DA:63,8
DA:64,8
DA:65,8
DA:66,8
DA:67,0
DA:68,0
DA:69,8
DA:71,0
DA:72,0
DA:73,0
DA:75,1
DA:77,10
DA:78,10
DA:79,10
DA:86,10
DA:87,10
DA:89,10
DA:91,10
DA:92,0
DA:93,0
DA:95,10
DA:96,10
DA:97,10
DA:98,10
DA:99,10
DA:100,10
DA:102,10
DA:103,0
DA:104,0
DA:106,10
DA:107,0
DA:108,0
DA:114,10
DA:116,1
DA:118,1
DA:119,1
DA:120,1
DA:122,1
DA:123,0
DA:124,0
DA:125,1
DA:127,10
DA:128,9
DA:129,9
DA:130,9
DA:149,10
DA:150,9
DA:151,9
DA:152,8
DA:153,9
DA:155,6
DA:160,6
DA:164,6
DA:165,6
DA:166,9
DA:167,9
DA:168,9
DA:169,9
DA:170,9
DA:171,9
DA:172,9
DA:173,9
DA:178,10
DA:179,3
DA:181,3
DA:182,3
DA:184,3
DA:185,0
DA:186,0
DA:187,0
DA:188,0
DA:189,0
DA:190,0
DA:191,0
DA:192,0
DA:193,0
DA:198,3
DA:199,3
DA:202,1
DA:204,3
DA:205,3
DA:207,3
DA:208,0
DA:209,0
DA:210,0
DA:211,0
DA:212,0
DA:213,3
DA:214,1
DA:215,1
DA:216,1
DA:217,1
DA:219,1
DA:220,1
DA:221,1
DA:222,1
DA:223,1
DA:224,1
DA:225,0
DA:226,1
DA:228,1
DA:229,0
DA:230,0
DA:231,0
DA:232,0
DA:233,0
DA:234,1
DA:235,1
DA:236,1
DA:237,1
DA:238,1
DA:239,1
DA:240,1
DA:241,1
DA:242,3
DA:248,2
DA:249,1
DA:250,1
DA:251,1
DA:252,1
DA:253,1
DA:254,1
DA:255,1
DA:256,1
DA:257,1
DA:258,1
DA:259,1
DA:260,3
DA:261,3
DA:262,3
DA:263,3
DA:268,10
DA:269,3
DA:270,3
DA:271,3
DA:272,3
DA:273,3
DA:275,3
DA:277,3
DA:278,3
DA:279,3
DA:281,0
DA:283,3
DA:284,3
DA:286,10
DA:287,0
DA:288,0
DA:289,0
DA:290,0
DA:294,0
DA:295,0
DA:296,0
DA:297,0
DA:301,10
DA:302,0
DA:303,0
DA:304,0
DA:306,10
DA:307,0
DA:308,0
DA:309,0
DA:310,0
DA:311,0
DA:315,0
DA:317,0
DA:318,0
DA:319,0
DA:321,0
DA:322,0
DA:323,0
DA:324,0
DA:325,0
DA:327,0
DA:328,0
DA:329,0
DA:330,0
DA:332,0
DA:333,0
DA:334,0
DA:335,0
DA:337,0
DA:338,0
DA:339,0
DA:340,0
DA:345,0
DA:346,0
DA:348,10
DA:349,0
DA:350,0
DA:351,0
DA:352,0
DA:353,0
DA:355,0
DA:358,0
DA:359,0
DA:360,0
DA:362,0
DA:363,0
DA:364,0
DA:365,0
DA:366,0
DA:368,0
DA:369,0
DA:370,0
DA:371,0
DA:373,0
DA:374,0
DA:375,0
DA:376,0
DA:378,0
DA:379,0
DA:380,10
LF:225
LH:128
BRDA:51,0,0,8
BRDA:54,1,0,1
BRDA:54,2,0,7
BRDA:58,3,0,0
BRDA:60,4,0,0
BRDA:61,5,0,1
BRDA:63,6,0,7
BRDA:63,7,0,0
BRDA:64,8,0,6
BRDA:64,9,0,1
BRDA:66,10,0,0
BRDA:75,11,0,10
BRDA:95,12,0,10
BRDA:114,13,0,1
BRDA:116,14,0,0
BRDA:118,15,0,1
BRDA:127,16,0,9
BRDA:128,17,0,6
BRDA:128,18,0,3
BRDA:149,19,0,9
BRDA:151,20,0,1
BRDA:151,21,0,8
BRDA:153,22,0,2
BRDA:153,23,0,6
BRDA:166,24,0,0
BRDA:178,25,0,3
BRDA:184,26,0,0
BRDA:199,27,0,1
BRDA:204,28,0,1
BRDA:204,29,0,0
BRDA:205,30,0,1
BRDA:205,31,0,0
BRDA:207,32,0,0
BRDA:207,33,0,0
BRDA:213,34,0,1
BRDA:224,35,0,0
BRDA:226,36,0,0
BRDA:228,37,0,0
BRDA:228,38,0,0
BRDA:242,39,0,2
BRDA:248,40,0,1
BRDA:268,41,0,3
BRDA:279,42,0,0
BRF:43
BRH:27
end_of_record
TN:
SF:src/modules/auth/events/index.ts
FN:17,createAuthEventSystem
FNF:1
FNH:1
FNDA:10,createAuthEventSystem
DA:1,1
DA:4,1
DA:5,1
DA:6,1
DA:17,1
DA:18,10
DA:19,10
LF:7
LH:7
BRDA:17,0,0,10
BRF:1
BRH:1
end_of_record
TN:
SF:src/modules/crdt/crdt-field.ts
FN:13,cursorColorFromName
FN:23,<instance_members_initializer>
FN:67,CrdtField
FN:47,set onCursorUpdate
FN:60,get onCursorUpdate
FN:103,getDoc
FN:106,hasContent
FN:110,startSync
FN:139,stopSync
FN:146,importRemote
FN:166,exportSnapshot
FN:176,pushCursorState
FN:199,importRemoteCursor
FN:217,scheduleRemotePush
FN:226,statePath
FN:234,persistLocal
FN:249,pushToRemote
FN:277,decodeBase64
FN:287,encodeBase64
FNF:19
FNH:10
FNDA:0,cursorColorFromName
FNDA:9,<instance_members_initializer>
FNDA:9,CrdtField
FNDA:0,set onCursorUpdate
FNDA:0,get onCursorUpdate
FNDA:4,getDoc
FNDA:0,hasContent
FNDA:9,startSync
FNDA:1,stopSync
FNDA:2,importRemote
FNDA:3,exportSnapshot
FNDA:0,pushCursorState
FNDA:0,importRemoteCursor
FNDA:0,scheduleRemotePush
FNDA:3,statePath
FNDA:2,persistLocal
FNDA:1,pushToRemote
FNDA:0,decodeBase64
FNDA:0,encodeBase64
DA:1,1
DA:8,1
DA:9,1
DA:10,1
DA:11,1
DA:13,1
DA:14,0
DA:15,0
DA:16,0
DA:17,0
DA:18,0
DA:19,0
DA:23,1
DA:24,9
DA:25,9
DA:26,9
DA:27,9
DA:28,9
DA:29,9
DA:30,9
DA:31,9
DA:32,9
DA:33,9
DA:34,9
DA:35,9
DA:36,9
DA:40,9
DA:42,9
DA:43,9
DA:47,9
DA:48,0
DA:49,0
DA:50,0
DA:51,0
DA:52,0
DA:53,0
DA:54,0
DA:55,0
DA:56,0
DA:57,0
DA:58,0
DA:60,9
DA:67,9
DA:68,9
DA:69,9
DA:70,9
DA:71,9
DA:72,9
DA:73,9
DA:74,9
DA:75,0
DA:76,0
DA:77,0
DA:78,0
DA:79,9
DA:80,9
DA:81,9
DA:82,9
DA:87,2
DA:88,2
DA:89,2
DA:90,2
DA:91,0
DA:92,0
DA:93,0
DA:94,0
DA:95,0
DA:96,0
DA:97,0
DA:98,0
DA:99,0
DA:100,2
DA:101,9
DA:103,9
DA:106,9
DA:107,0
DA:108,0
DA:110,9
DA:111,9
DA:112,9
DA:113,9
DA:114,9
DA:115,9
DA:116,9
DA:117,9
DA:118,9
DA:119,9
DA:120,9
DA:121,9
DA:127,9
DA:128,0
DA:129,0
DA:130,9
DA:131,9
DA:139,9
DA:140,1
DA:141,1
DA:142,1
DA:143,1
DA:144,1
DA:146,9
DA:151,2
DA:152,2
DA:153,2
DA:157,2
DA:158,2
DA:159,0
DA:160,0
DA:161,0
DA:162,0
DA:163,0
DA:164,2
DA:166,9
DA:167,3
DA:168,3
DA:176,9
DA:177,0
DA:178,0
DA:179,0
DA:180,0
DA:181,0
DA:182,0
DA:183,0
DA:184,0
DA:185,0
DA:186,0
DA:187,0
DA:188,0
DA:189,0
DA:190,0
DA:191,0
DA:192,0
DA:193,0
DA:194,0
DA:195,0
DA:196,0
DA:199,9
DA:200,0
DA:201,0
DA:202,0
DA:203,0
DA:204,0
DA:205,0
DA:207,0
DA:208,0
DA:209,0
DA:210,0
DA:211,0
DA:212,0
DA:213,0
DA:214,0
DA:215,0
DA:217,9
DA:218,0
DA:219,0
DA:220,0
DA:226,9
DA:227,3
DA:228,3
DA:234,9
DA:235,2
DA:236,2
DA:237,2
DA:238,2
DA:239,2
DA:240,2
DA:241,2
DA:242,0
DA:243,0
DA:244,0
DA:245,0
DA:246,0
DA:247,2
DA:249,9
DA:250,1
DA:251,1
DA:252,1
DA:256,1
DA:257,1
DA:258,1
DA:259,1
DA:260,1
DA:261,1
DA:262,0
DA:263,0
DA:264,0
DA:265,0
DA:269,0
DA:270,0
DA:271,0
DA:272,0
DA:273,0
DA:274,1
DA:275,9
DA:277,1
DA:278,0
DA:279,0
DA:280,0
DA:281,0
DA:282,0
DA:283,0
DA:284,0
DA:285,0
DA:287,1
DA:288,0
DA:289,0
DA:290,0
DA:291,0
DA:292,0
DA:293,0
DA:294,0
LF:211
LH:105
BRDA:23,0,0,9
BRDA:67,1,0,9
BRDA:74,2,0,0
BRDA:79,3,0,0
BRDA:82,4,0,2
BRDA:82,5,0,2
BRDA:90,6,0,0
BRDA:103,7,0,4
BRDA:110,8,0,9
BRDA:139,9,0,1
BRDA:142,10,0,0
BRDA:146,11,0,2
BRDA:151,12,0,0
BRDA:158,13,0,0
BRDA:166,14,0,3
BRDA:226,15,0,3
BRDA:227,16,0,1
BRDA:227,17,0,2
BRDA:234,18,0,2
BRDA:235,19,0,0
BRDA:241,20,0,0
BRDA:249,21,0,1
BRDA:250,22,0,0
BRDA:261,23,0,0
BRF:24
BRH:14
end_of_record
TN:
SF:src/modules/crdt/index.ts
FN:32,<instance_members_initializer>
FN:53,CrdtManager
FN:77,subscribeToReconnect
FN:78,onDrop
FN:106,dispose
FN:118,hasOpenFieldFor
FN:127,setSessionId
FN:140,open
FN:204,close
FN:230,closeAll
FN:245,ensureTableSubscription
FN:317,applyRow
FN:325,dispatchRow
FN:356,fetchAndDispatchRow
FN:375,fieldHasCursor
FN:383,extractSnapshot
FN:384,asBytes
FN:413,killTableSubscription
FN:429,makeKey
FN:438,assertCrdtField
FNF:20
FNH:18
FNDA:9,<instance_members_initializer>
FNDA:9,CrdtManager
FNDA:9,subscribeToReconnect
FNDA:4,onDrop
FNDA:1,dispose
FNDA:4,hasOpenFieldFor
FNDA:9,setSessionId
FNDA:9,open
FNDA:1,close
FNDA:0,closeAll
FNDA:12,ensureTableSubscription
FNDA:0,applyRow
FNDA:2,dispatchRow
FNDA:7,fetchAndDispatchRow
FNDA:11,fieldHasCursor
FNDA:11,extractSnapshot
FNDA:10,asBytes
FNDA:1,killTableSubscription
FNDA:10,makeKey
FNDA:9,assertCrdtField
DA:1,1
DA:32,1
DA:33,9
DA:35,9
DA:39,9
DA:43,9
DA:47,9
DA:48,9
DA:49,9
DA:51,9
DA:53,9
DA:54,9
DA:55,9
DA:56,9
DA:57,9
DA:58,9
DA:59,9
DA:60,9
DA:61,9
DA:62,9
DA:77,9
DA:78,9
DA:79,4
DA:80,4
DA:83,4
DA:86,4
DA:87,4
DA:88,9
DA:89,9
DA:90,9
DA:91,9
DA:92,4
DA:93,4
DA:94,4
DA:97,3
DA:98,3
DA:99,3
DA:100,9
DA:101,9
DA:102,9
DA:106,9
DA:107,1
DA:108,3
DA:109,3
DA:110,3
DA:112,0
DA:113,3
DA:114,1
DA:115,1
DA:116,1
DA:118,9
DA:119,4
DA:120,4
DA:121,4
DA:127,9
DA:128,9
DA:129,9
DA:140,9
DA:141,9
DA:142,9
DA:143,9
DA:144,9
DA:145,9
DA:146,9
DA:147,9
DA:148,9
DA:149,9
DA:151,9
DA:152,0
DA:153,0
DA:161,9
DA:162,9
DA:163,9
DA:164,9
DA:165,9
DA:166,9
DA:167,9
DA:168,9
DA:169,9
DA:170,0
DA:171,0
DA:172,0
DA:173,0
DA:174,0
DA:178,9
DA:179,9
DA:180,9
DA:181,9
DA:183,9
DA:184,9
DA:185,9
DA:186,9
DA:191,9
DA:197,9
DA:198,7
DA:199,7
DA:201,9
DA:202,9
DA:204,9
DA:205,1
DA:206,1
DA:207,1
DA:208,1
DA:209,1
DA:210,1
DA:213,1
DA:214,1
DA:216,1
DA:217,1
DA:219,1
DA:220,1
DA:221,1
DA:222,1
DA:223,1
DA:230,9
DA:231,0
DA:232,0
DA:233,0
DA:234,0
DA:235,0
DA:236,0
DA:237,0
DA:240,0
DA:241,0
DA:245,9
DA:246,12
DA:253,12
DA:255,12
DA:256,12
DA:257,3
DA:260,3
DA:261,3
DA:262,3
DA:265,3
DA:266,3
DA:267,3
DA:269,12
DA:270,12
DA:271,12
DA:272,12
DA:273,12
DA:275,12
DA:276,1
DA:277,1
DA:278,1
DA:279,1
DA:280,1
DA:281,1
DA:283,11
DA:284,11
DA:285,0
DA:286,0
DA:287,0
DA:288,11
DA:290,11
DA:292,11
DA:293,11
DA:294,11
DA:295,11
DA:296,11
DA:297,12
DA:298,0
DA:299,0
DA:300,0
DA:301,0
DA:302,0
DA:303,12
DA:305,12
DA:306,12
DA:307,12
DA:308,12
DA:309,12
DA:310,12
DA:311,12
DA:317,9
DA:318,0
DA:319,0
DA:325,9
DA:326,2
DA:327,2
DA:329,2
DA:330,2
DA:331,2
DA:332,2
DA:333,2
DA:334,2
DA:335,2
DA:336,2
DA:338,2
DA:339,1
DA:340,1
DA:341,1
DA:342,0
DA:343,0
DA:344,0
DA:345,0
DA:346,0
DA:347,1
DA:348,1
DA:349,2
DA:350,2
DA:356,9
DA:357,7
DA:358,7
DA:359,7
DA:360,7
DA:361,7
DA:362,7
DA:363,7
DA:364,2
DA:365,2
DA:366,0
DA:367,0
DA:368,0
DA:369,0
DA:370,0
DA:371,7
DA:375,9
DA:376,11
DA:377,11
DA:378,11
DA:383,9
DA:384,11
DA:385,10
DA:393,10
DA:394,10
DA:395,0
DA:396,0
DA:397,0
DA:398,10
DA:399,1
DA:400,1
DA:401,6
DA:402,10
DA:404,11
DA:405,3
DA:406,2
DA:407,2
DA:408,1
DA:409,1
DA:410,8
DA:411,11
DA:413,9
DA:414,1
DA:415,1
DA:419,0
DA:420,0
DA:421,0
DA:422,0
DA:423,0
DA:424,0
DA:425,0
DA:426,0
DA:427,1
DA:429,9
DA:430,10
DA:431,10
DA:438,9
DA:439,9
DA:440,0
DA:441,0
DA:442,0
DA:443,0
DA:444,9
DA:445,9
DA:446,0
DA:447,0
DA:448,0
DA:449,0
DA:450,9
DA:451,9
DA:452,0
DA:453,0
DA:454,0
DA:455,0
DA:456,9
DA:457,0
DA:458,0
DA:460,0
DA:461,0
DA:462,9
DA:463,9
LF:282
LH:218
BRDA:32,0,0,9
BRDA:53,1,0,9
BRDA:77,2,0,9
BRDA:78,3,0,4
BRDA:80,4,0,3
BRDA:91,5,0,4
BRDA:94,6,0,3
BRDA:97,7,0,0
BRDA:106,8,0,1
BRDA:107,9,0,3
BRDA:110,10,0,0
BRDA:118,11,0,4
BRDA:120,12,0,3
BRDA:127,13,0,9
BRDA:140,14,0,9
BRDA:151,15,0,0
BRDA:168,16,0,2
BRDA:169,17,0,0
BRDA:197,18,0,7
BRDA:204,19,0,1
BRDA:245,20,0,12
BRDA:246,21,0,0
BRDA:256,22,0,3
BRDA:257,23,0,0
BRDA:261,24,0,0
BRDA:262,25,0,0
BRDA:266,26,0,0
BRDA:266,27,0,0
BRDA:269,28,0,12
BRDA:275,29,0,1
BRDA:281,30,0,11
BRDA:290,31,0,0
BRDA:290,32,0,11
BRDA:297,33,0,0
BRDA:325,34,0,2
BRDA:326,35,0,0
BRDA:327,36,0,0
BRDA:331,37,0,0
BRDA:338,38,0,1
BRDA:338,39,0,1
BRDA:338,40,0,1
BRDA:341,41,0,0
BRDA:356,42,0,7
BRDA:363,43,0,2
BRDA:363,44,0,5
BRDA:363,45,0,2
BRDA:365,46,0,0
BRDA:375,47,0,11
BRDA:376,48,0,11
BRDA:383,49,0,11
BRDA:404,50,0,8
BRDA:404,51,0,3
BRDA:405,52,0,2
BRDA:405,53,0,2
BRDA:405,54,0,2
BRDA:407,55,0,1
BRDA:384,56,0,10
BRDA:385,57,0,3
BRDA:385,58,0,0
BRDA:385,59,0,7
BRDA:393,60,0,0
BRDA:393,61,0,7
BRDA:394,62,0,0
BRDA:397,63,0,7
BRDA:398,64,0,1
BRDA:398,65,0,1
BRDA:398,66,0,6
BRDA:398,67,0,1
BRDA:398,68,0,283
BRDA:413,69,0,1
BRDA:415,70,0,0
BRDA:429,71,0,10
BRDA:438,72,0,9
BRDA:439,73,0,0
BRDA:445,74,0,0
BRDA:451,75,0,0
BRDA:456,76,0,0
BRDA:444,77,0,9
BRF:78
BRH:53
end_of_record
TN:
SF:src/modules/crdt/loro-loader.ts
FN:17,preloadLoro
FN:23,loadLoro
FNF:2
FNH:2
FNDA:9,preloadLoro
FNDA:9,loadLoro
DA:14,1
DA:17,1
DA:18,9
DA:19,9
DA:20,9
DA:23,1
DA:24,9
DA:25,9
LF:8
LH:8
BRDA:17,0,0,9
BRDA:23,1,0,9
BRF:2
BRH:2
end_of_record
TN:
SF:src/modules/devtools/flags.ts
FN:121,statementRows
FN:132,message
FN:137,hasStringKey
FN:141,isAssignment
FN:145,isFlagRow
FN:150,FlagsAdminService
FN:159,getFlags
FN:234,setFlagEnabled
FN:248,setFlagUserVariant
FN:271,setLocalFlagOverride
FN:281,clearLocalFlagOverrides
FN:298,mutate
FN:327,sleep
FN:329,isRetryableConflict
FN:340,selfAllowlistedVariant
FNF:15
FNH:1
FNDA:0,statementRows
FNDA:0,message
FNDA:0,hasStringKey
FNDA:0,isAssignment
FNDA:0,isFlagRow
FNDA:19,FlagsAdminService
FNDA:0,getFlags
FNDA:0,setFlagEnabled
FNDA:0,setFlagUserVariant
FNDA:0,setLocalFlagOverride
FNDA:0,clearLocalFlagOverrides
FNDA:0,mutate
FNDA:0,sleep
FNDA:0,isRetryableConflict
FNDA:0,selfAllowlistedVariant
DA:1,1
DA:121,0
DA:122,0
DA:123,0
DA:124,0
DA:125,0
DA:126,0
DA:127,0
DA:128,0
DA:129,0
DA:130,0
DA:132,0
DA:133,0
DA:134,0
DA:137,0
DA:138,0
DA:139,0
DA:141,0
DA:142,0
DA:143,0
DA:145,0
DA:146,0
DA:147,0
DA:149,1
DA:150,1
DA:159,1
DA:160,0
DA:161,0
DA:162,0
DA:163,0
DA:164,0
DA:165,0
DA:166,0
DA:167,0
DA:168,0
DA:171,0
DA:172,0
DA:173,0
DA:174,0
DA:175,0
DA:176,0
DA:177,0
DA:178,0
DA:179,0
DA:180,0
DA:181,0
DA:182,0
DA:183,0
DA:184,0
DA:185,0
DA:187,0
DA:189,0
DA:192,0
DA:193,0
DA:194,0
DA:195,0
DA:196,0
DA:199,0
DA:200,0
DA:201,0
DA:203,0
DA:205,0
DA:206,0
DA:207,0
DA:208,0
DA:210,0
DA:211,0
DA:212,0
DA:213,0
DA:214,0
DA:215,0
DA:216,0
DA:217,0
DA:218,0
DA:219,0
DA:220,0
DA:221,0
DA:222,0
DA:224,0
DA:225,0
DA:234,1
DA:235,0
DA:236,0
DA:238,0
DA:239,0
DA:240,0
DA:241,0
DA:248,1
DA:249,0
DA:250,0
DA:251,0
DA:252,0
DA:253,0
DA:254,0
DA:255,0
DA:259,0
DA:260,0
DA:261,0
DA:262,0
DA:263,0
DA:264,0
DA:266,0
DA:267,0
DA:268,0
DA:269,0
DA:271,1
DA:272,0
DA:273,0
DA:274,0
DA:275,0
DA:276,0
DA:277,0
DA:278,0
DA:279,0
DA:281,1
DA:282,0
DA:283,0
DA:284,0
DA:285,0
DA:298,1
DA:299,0
DA:300,0
DA:301,0
DA:302,0
DA:303,0
DA:304,0
DA:305,0
DA:306,0
DA:307,0
DA:308,0
DA:309,0
DA:310,0
DA:311,0
DA:313,0
DA:314,0
DA:315,0
DA:317,0
DA:318,0
DA:319,0
DA:320,0
DA:321,0
DA:322,0
DA:323,1
DA:325,1
DA:327,1
DA:329,0
DA:330,0
DA:331,0
DA:340,0
DA:341,0
DA:342,0
DA:343,0
DA:344,0
DA:345,0
DA:346,0
DA:347,0
DA:348,0
DA:349,0
LF:158
LH:12
BRDA:150,0,0,19
BRF:1
BRH:1
end_of_record
TN:
SF:src/modules/devtools/index.ts
FN:47,<instance_members_initializer>
FN:106,DevToolsService
FN:118,currentUserId
FN:123,overrides
FN:82,setTabsInfoProvider
FN:89,setBlobInfoProvider
FN:174,refreshBackendVersions
FN:193,getActiveQueries
FN:251,onQueryInitialized
FN:266,onQueryUpdated
FN:283,onStreamUpdate
FN:304,onMutation
FN:320,hashString
FN:331,logEvent
FN:336,addEvent
FN:349,unwrapInfo
FN:362,refreshLocalTables
FN:391,getState
FN:440,getStorageInfo
FN:501,requestPersistentStorage
FN:517,notifyDevTools
FN:537,flushNotify
FN:549,serializeForDevTools
FN:605,setFeatureFlagOverrides
FN:609,exposeToWindow
FN:613,getState
FN:617,getQueryRows
FN:633,getFlags
FN:634,setFlagEnabled
FN:636,setFlagUserVariant
FN:638,setLocalFlagOverride
FN:640,clearLocalFlagOverrides
FN:641,clearHistory
FN:645,refreshVersions
FN:646,getStorageInfo
FN:647,requestPersistentStorage
FN:648,getTableData
FN:688,updateTableRow
FN:700,deleteTableRow
FN:708,runQuery
FNF:40
FNH:22
FNDA:23,<instance_members_initializer>
FNDA:19,DevToolsService
FNDA:0,currentUserId
FNDA:0,overrides
FNDA:1,setTabsInfoProvider
FNDA:8,setBlobInfoProvider
FNDA:19,refreshBackendVersions
FNDA:24,getActiveQueries
FNDA:0,onQueryInitialized
FNDA:1,onQueryUpdated
FNDA:14,onStreamUpdate
FNDA:5,onMutation
FNDA:25,hashString
FNDA:412,logEvent
FNDA:431,addEvent
FNDA:12,unwrapInfo
FNDA:13,refreshLocalTables
FNDA:24,getState
FNDA:0,getStorageInfo
FNDA:0,requestPersistentStorage
FNDA:461,notifyDevTools
FNDA:22,flushNotify
FNDA:4097,serializeForDevTools
FNDA:8,setFeatureFlagOverrides
FNDA:19,exposeToWindow
FNDA:2,getState
FNDA:2,getQueryRows
FNDA:0,getFlags
FNDA:0,setFlagEnabled
FNDA:0,setFlagUserVariant
FNDA:0,setLocalFlagOverride
FNDA:0,clearLocalFlagOverrides
FNDA:0,clearHistory
FNDA:0,refreshVersions
FNDA:0,getStorageInfo
FNDA:0,requestPersistentStorage
FNDA:0,getTableData
FNDA:0,updateTableRow
FNDA:0,deleteTableRow
FNDA:0,runQuery
DA:1,1
DA:33,1
DA:34,1
DA:35,1
DA:36,1
DA:37,1
DA:38,1
DA:47,1
DA:48,23
DA:49,23
DA:51,23
DA:54,23
DA:60,23
DA:70,23
DA:71,23
DA:72,23
DA:74,23
DA:76,23
DA:80,23
DA:82,23
DA:83,1
DA:84,1
DA:87,23
DA:89,23
DA:90,8
DA:91,8
DA:96,23
DA:97,23
DA:98,23
DA:103,23
DA:104,23
DA:106,23
DA:107,19
DA:108,19
DA:109,19
DA:110,19
DA:111,19
DA:112,19
DA:113,19
DA:114,19
DA:115,19
DA:116,19
DA:117,19
DA:118,19
DA:119,0
DA:120,0
DA:121,0
DA:122,0
DA:123,19
DA:124,19
DA:126,19
DA:131,19
DA:132,11
DA:133,11
DA:134,11
DA:135,11
DA:136,11
DA:137,11
DA:138,11
DA:139,11
DA:140,0
DA:141,0
DA:142,11
DA:143,11
DA:150,19
DA:151,0
DA:152,0
DA:153,0
DA:154,0
DA:155,0
DA:156,19
DA:161,19
DA:164,19
DA:166,19
DA:167,19
DA:174,23
DA:175,19
DA:177,19
DA:178,19
DA:179,19
DA:180,19
DA:181,19
DA:182,19
DA:183,0
DA:184,0
DA:185,0
DA:186,0
DA:187,0
DA:188,0
DA:189,19
DA:190,19
DA:193,23
DA:194,24
DA:195,24
DA:197,24
DA:198,24
DA:199,24
DA:200,24
DA:201,24
DA:202,0
DA:203,24
DA:204,24
DA:205,24
DA:206,24
DA:207,24
DA:208,24
DA:209,24
DA:212,24
DA:213,24
DA:214,24
DA:217,24
DA:218,24
DA:219,24
DA:220,24
DA:221,24
DA:222,24
DA:228,24
DA:229,24
DA:230,24
DA:231,24
DA:232,24
DA:233,24
DA:234,23
DA:238,24
DA:239,24
DA:240,24
DA:241,24
DA:245,24
DA:246,24
DA:247,24
DA:248,24
DA:249,24
DA:251,23
DA:252,0
DA:253,0
DA:254,0
DA:255,0
DA:256,0
DA:258,0
DA:259,0
DA:260,0
DA:261,0
DA:262,0
DA:263,0
DA:264,0
DA:266,23
DA:267,1
DA:268,1
DA:269,1
DA:270,1
DA:271,1
DA:272,1
DA:273,1
DA:274,1
DA:276,1
DA:277,1
DA:278,1
DA:279,1
DA:280,1
DA:281,1
DA:283,23
DA:285,14
DA:286,13
DA:287,13
DA:288,13
DA:289,13
DA:292,13
DA:293,13
DA:294,13
DA:295,14
DA:296,14
DA:297,14
DA:298,14
DA:299,14
DA:300,14
DA:301,14
DA:302,14
DA:304,23
DA:305,5
DA:306,5
DA:307,5
DA:308,5
DA:309,5
DA:312,5
DA:313,5
DA:314,5
DA:315,5
DA:316,5
DA:317,5
DA:318,5
DA:320,23
DA:321,25
DA:322,25
DA:323,25
DA:324,289
DA:325,289
DA:326,289
DA:327,289
DA:328,25
DA:329,25
DA:331,23
DA:332,412
DA:333,412
DA:334,412
DA:336,23
DA:338,431
DA:339,419
DA:340,419
DA:341,419
DA:342,419
DA:343,419
DA:344,419
DA:345,419
DA:346,431
DA:349,23
DA:350,12
DA:351,0
DA:352,12
DA:353,0
DA:354,0
DA:355,12
DA:362,23
DA:363,13
DA:364,12
DA:365,12
DA:366,12
DA:367,12
DA:368,12
DA:369,12
DA:370,12
DA:371,12
DA:372,12
DA:375,0
DA:376,0
DA:377,0
DA:378,0
DA:379,0
DA:380,0
DA:381,0
DA:382,12
DA:383,12
DA:385,12
DA:386,12
DA:387,12
DA:388,12
DA:389,13
DA:391,23
DA:396,24
DA:397,24
DA:398,24
DA:399,24
DA:400,24
DA:401,24
DA:402,24
DA:403,24
DA:404,24
DA:405,24
DA:406,24
DA:407,24
DA:408,24
DA:409,24
DA:410,24
DA:411,24
DA:412,24
DA:413,24
DA:414,24
DA:417,24
DA:418,0
DA:419,24
DA:420,24
DA:424,24
DA:427,24
DA:429,24
DA:430,24
DA:431,24
DA:432,24
DA:440,23
DA:441,0
DA:443,0
DA:444,0
DA:445,0
DA:446,0
DA:447,0
DA:448,0
DA:449,0
DA:450,0
DA:451,0
DA:452,0
DA:453,0
DA:454,0
DA:456,0
DA:457,0
DA:458,0
DA:459,0
DA:460,0
DA:462,0
DA:463,0
DA:464,0
DA:465,0
DA:466,0
DA:467,0
DA:468,0
DA:469,0
DA:470,0
DA:472,0
DA:474,0
DA:475,0
DA:476,0
DA:477,0
DA:478,0
DA:479,0
DA:480,0
DA:481,0
DA:483,0
DA:484,0
DA:485,0
DA:486,0
DA:488,0
DA:489,0
DA:490,0
DA:491,0
DA:492,0
DA:493,0
DA:494,0
DA:495,0
DA:497,0
DA:498,0
DA:501,23
DA:502,0
DA:503,0
DA:504,0
DA:505,0
DA:506,0
DA:507,0
DA:508,0
DA:517,23
DA:519,461
DA:520,440
DA:522,440
DA:528,27
DA:529,27
DA:530,27
DA:531,23
DA:533,23
DA:534,27
DA:535,461
DA:537,23
DA:538,22
DA:539,22
DA:540,22
DA:541,22
DA:542,22
DA:543,22
DA:544,22
DA:545,22
DA:546,22
DA:547,22
DA:549,23
DA:550,4097
DA:551,0
DA:552,0
DA:554,4097
DA:555,48
DA:556,48
DA:558,4097
DA:559,0
DA:560,0
DA:562,4097
DA:563,126
DA:564,1
DA:565,1
DA:566,125
DA:567,125
DA:568,125
DA:570,4097
DA:571,0
DA:572,0
DA:574,4097
DA:575,0
DA:576,0
DA:578,4097
DA:579,1563
DA:580,0
DA:581,0
DA:582,1563
DA:584,1563
DA:585,1563
DA:586,3107
DA:590,3107
DA:591,3005
DA:592,3005
DA:593,3107
DA:594,1563
DA:595,1563
DA:597,2360
DA:598,4097
DA:605,23
DA:606,8
DA:607,8
DA:609,23
DA:610,19
DA:611,11
DA:612,11
DA:613,11
DA:617,11
DA:618,2
DA:619,2
DA:620,2
DA:621,1
DA:622,1
DA:623,1
DA:624,1
DA:625,1
DA:626,1
DA:627,2
DA:633,11
DA:634,11
DA:635,0
DA:636,11
DA:637,0
DA:638,11
DA:639,0
DA:640,11
DA:641,11
DA:642,0
DA:643,0
DA:644,0
DA:645,11
DA:646,11
DA:647,11
DA:648,11
DA:649,0
DA:653,0
DA:655,0
DA:657,0
DA:658,0
DA:659,0
DA:661,0
DA:662,0
DA:663,0
DA:664,0
DA:665,0
DA:666,0
DA:667,0
DA:669,0
DA:670,0
DA:672,0
DA:673,0
DA:674,0
DA:676,0
DA:677,0
DA:679,0
DA:680,0
DA:681,0
DA:682,0
DA:683,0
DA:684,0
DA:685,0
DA:686,0
DA:687,0
DA:688,11
DA:689,0
DA:690,0
DA:691,0
DA:692,0
DA:693,0
DA:694,0
DA:695,0
DA:696,0
DA:697,0
DA:698,0
DA:699,0
DA:700,11
DA:701,0
DA:702,0
DA:703,0
DA:704,0
DA:705,0
DA:706,0
DA:707,0
DA:708,11
DA:709,0
DA:710,0
DA:711,0
DA:712,0
DA:713,0
DA:714,0
DA:716,0
DA:717,0
DA:718,0
DA:720,0
DA:721,0
DA:722,0
DA:723,0
DA:724,0
DA:725,0
DA:726,0
DA:727,0
DA:728,0
DA:729,0
DA:732,0
DA:733,0
DA:734,0
DA:736,0
DA:737,0
DA:738,0
DA:739,0
DA:740,0
DA:741,0
DA:742,0
DA:743,0
DA:745,0
DA:746,0
DA:747,0
DA:748,0
DA:749,0
DA:750,0
DA:751,0
DA:752,0
DA:753,0
DA:754,0
DA:756,0
DA:757,0
DA:758,0
DA:759,0
DA:760,0
DA:761,11
DA:763,11
DA:764,11
DA:765,11
DA:766,11
DA:767,11
DA:768,11
DA:769,11
DA:770,11
DA:773,11
DA:774,11
DA:775,19
DA:776,23
LF:539
LH:333
BRDA:34,0,0,0
BRDA:36,1,0,0
BRDA:38,2,0,0
BRDA:47,3,0,23
BRDA:106,4,0,19
BRDA:131,5,0,11
BRDA:161,6,0,0
BRDA:132,7,0,11
BRDA:133,8,0,0
BRDA:139,9,0,0
BRDA:82,10,0,1
BRDA:89,11,0,8
BRDA:174,12,0,19
BRDA:180,13,0,0
BRDA:182,14,0,0
BRDA:193,15,0,24
BRDA:195,16,0,0
BRDA:198,17,0,24
BRDA:201,18,0,0
BRDA:205,19,0,6
BRDA:206,20,0,6
BRDA:221,21,0,0
BRDA:222,22,0,0
BRDA:233,23,0,23
BRDA:230,24,0,230
BRDA:231,25,0,230
BRDA:266,26,0,1
BRDA:278,27,0,0
BRDA:283,28,0,14
BRDA:285,29,0,1
BRDA:285,30,0,13
BRDA:295,31,0,0
BRDA:304,32,0,5
BRDA:306,33,0,5
BRDA:309,34,0,0
BRDA:312,35,0,4
BRDA:312,36,0,4
BRDA:312,37,0,1
BRDA:320,38,0,25
BRDA:322,39,0,0
BRDA:323,40,0,289
BRDA:331,41,0,412
BRDA:336,42,0,431
BRDA:338,43,0,12
BRDA:338,44,0,419
BRDA:345,45,0,300
BRDA:349,46,0,12
BRDA:350,47,0,0
BRDA:352,48,0,0
BRDA:352,49,0,0
BRDA:362,50,0,13
BRDA:363,51,0,1
BRDA:363,52,0,12
BRDA:365,53,0,0
BRDA:365,54,0,12
BRDA:369,55,0,12
BRDA:372,56,0,0
BRDA:372,57,0,0
BRDA:386,58,0,12
BRDA:391,59,0,24
BRDA:396,60,0,2
BRDA:402,61,0,0
BRDA:417,62,0,0
BRDA:427,63,0,0
BRDA:429,64,0,0
BRDA:517,65,0,461
BRDA:519,66,0,21
BRDA:519,67,0,441
BRDA:519,68,0,440
BRDA:520,69,0,0
BRDA:520,70,0,440
BRDA:522,71,0,413
BRDA:522,72,0,27
BRDA:530,73,0,23
BRDA:533,74,0,22
BRDA:537,75,0,22
BRDA:549,76,0,4097
BRDA:550,77,0,0
BRDA:554,78,0,48
BRDA:556,79,0,4049
BRDA:558,80,0,0
BRDA:560,81,0,4049
BRDA:562,82,0,126
BRDA:563,83,0,1
BRDA:565,84,0,125
BRDA:568,85,0,3923
BRDA:570,86,0,0
BRDA:572,87,0,3923
BRDA:574,88,0,0
BRDA:576,89,0,3923
BRDA:578,90,0,1563
BRDA:579,91,0,0
BRDA:585,92,0,3107
BRDA:590,93,0,102
BRDA:590,94,0,3005
BRDA:595,95,0,2360
BRDA:567,96,0,648
BRDA:605,97,0,8
BRDA:609,98,0,19
BRDA:610,99,0,11
BRDA:613,100,0,2
BRDA:617,101,0,2
BRDA:619,102,0,1
BRDA:619,103,0,1
BRDA:620,104,0,1
BRF:105
BRH:73
end_of_record
TN:
SF:src/modules/devtools/storage-info.ts
FN:118,walkOpfs
FN:128,walk
FNF:2
FNH:2
FNDA:3,walkOpfs
FNDA:3,walk
DA:118,3
DA:119,3
DA:120,3
DA:121,1
DA:122,1
DA:123,2
DA:124,2
DA:125,2
DA:126,2
DA:127,2
DA:128,2
DA:129,3
DA:131,3
DA:133,3
DA:134,10
DA:135,1
DA:136,1
DA:137,1
DA:138,10
DA:139,10
DA:140,1
DA:141,1
DA:142,10
DA:143,8
DA:144,8
DA:145,8
DA:146,7
DA:147,8
DA:149,1
DA:150,8
DA:151,8
DA:152,8
DA:153,8
DA:154,10
DA:155,3
DA:156,2
DA:157,2
DA:158,2
DA:159,3
DA:160,0
DA:161,0
DA:162,0
DA:163,0
DA:164,0
DA:165,0
DA:166,0
DA:167,0
DA:168,3
LF:48
LH:40
BRDA:118,0,0,3
BRDA:119,1,0,0
BRDA:120,2,0,2
BRDA:120,3,0,1
BRDA:122,4,0,2
BRDA:159,5,0,0
BRDA:128,6,0,3
BRDA:129,7,0,0
BRDA:133,8,0,10
BRDA:134,9,0,1
BRDA:137,10,0,9
BRDA:138,11,0,2
BRDA:138,12,0,7
BRDA:139,13,0,1
BRDA:142,14,0,8
BRDA:145,15,0,7
BRDA:147,16,0,1
BRDA:151,17,0,7
BRDA:154,18,0,2
BRDA:157,19,0,7
BRF:20
BRH:17
end_of_record
TN:
SF:src/modules/devtools/versions.ts
FN:65,emptyBackendVersions
FN:69,emptyBackendInfo
FN:74,normalizeServerVersion
FN:84,toEntityArray
FN:95,parseBackendInfo
FNF:5
FNH:5
FNDA:49,emptyBackendVersions
FNDA:20,emptyBackendInfo
FNDA:4,normalizeServerVersion
FNDA:32,toEntityArray
FNDA:27,parseBackendInfo
DA:12,1
DA:65,1
DA:66,49
DA:67,49
DA:69,1
DA:70,20
DA:71,20
DA:74,4
DA:75,4
DA:76,4
DA:84,1
DA:85,32
DA:86,32
DA:87,24
DA:88,24
DA:95,1
DA:96,27
DA:97,27
DA:99,27
DA:100,9
DA:101,9
DA:102,4
DA:104,9
DA:105,4
DA:106,4
DA:107,9
DA:109,27
DA:110,27
LF:28
LH:28
BRDA:65,0,0,49
BRDA:69,1,0,20
BRDA:74,2,0,4
BRDA:84,3,0,32
BRDA:85,4,0,6
BRDA:85,5,0,26
BRDA:86,6,0,12
BRDA:86,7,0,2
BRDA:86,8,0,24
BRDA:85,9,0,11
BRDA:85,10,0,10
BRDA:95,11,0,27
BRDA:99,12,0,9
BRDA:100,13,0,7
BRDA:100,14,0,2
BRDA:101,15,0,5
BRDA:101,16,0,5
BRDA:101,17,0,4
BRDA:102,18,0,2
BRDA:102,19,0,2
BRDA:104,20,0,7
BRDA:104,21,0,4
BRF:22
BRH:22
end_of_record
TN:
SF:src/modules/feature-flag/index.ts
FN:46,<instance_members_initializer>
FN:53,FeatureFlagHandle
FN:58,attach
FN:63,detach
FN:68,set
FN:74,variant
FN:78,payload
FN:82,enabled
FN:87,subscribe
FN:95,onClose
FN:99,close
FN:125,<instance_members_initializer>
FN:145,FeatureFlagModule
FN:152,init
FN:161,feature
FN:177,closeAll
FN:185,refresh
FN:198,teardownQuery
FN:204,ensureStarted
FN:217,querySubscription.deps.dataModule.subscribe.immediate
FN:231,applyRecords
FN:253,setLocalOverride
FN:260,clearLocalOverrides
FN:266,getLocalOverrides
FN:271,resolve
FN:277,pushAll
FN:281,loadOverrides
FN:299,persistOverrides
FNF:28
FNH:27
FNDA:19,<instance_members_initializer>
FNDA:19,FeatureFlagHandle
FNDA:0,attach
FNDA:1,detach
FNDA:25,set
FNDA:19,variant
FNDA:2,payload
FNDA:10,enabled
FNDA:1,subscribe
FNDA:19,onClose
FNDA:1,close
FNDA:26,<instance_members_initializer>
FNDA:26,FeatureFlagModule
FNDA:2,init
FNDA:19,feature
FNDA:1,closeAll
FNDA:2,refresh
FNDA:3,teardownQuery
FNDA:21,ensureStarted
FNDA:11,querySubscription.deps.dataModule.subscribe.immediate
FNDA:11,applyRecords
FNDA:12,setLocalOverride
FNDA:2,clearLocalOverrides
FNDA:13,getLocalOverrides
FNDA:25,resolve
FNDA:25,pushAll
FNDA:26,loadOverrides
FNDA:14,persistOverrides
DA:12,1
DA:18,1
DA:46,1
DA:47,19
DA:48,19
DA:49,19
DA:50,19
DA:51,19
DA:53,19
DA:54,19
DA:55,19
DA:56,19
DA:58,19
DA:59,0
DA:60,0
DA:61,0
DA:63,19
DA:64,1
DA:65,1
DA:66,1
DA:68,19
DA:69,25
DA:70,25
DA:71,25
DA:72,25
DA:74,19
DA:75,19
DA:76,19
DA:78,19
DA:79,2
DA:80,2
DA:82,19
DA:83,10
DA:84,10
DA:85,10
DA:87,19
DA:88,1
DA:89,1
DA:90,1
DA:91,0
DA:92,0
DA:93,1
DA:95,19
DA:96,19
DA:97,19
DA:99,19
DA:100,1
DA:101,1
DA:102,1
DA:103,1
DA:104,1
DA:105,1
DA:106,19
DA:125,1
DA:126,26
DA:127,26
DA:128,26
DA:129,26
DA:132,26
DA:133,26
DA:135,26
DA:139,26
DA:140,26
DA:143,26
DA:145,26
DA:146,26
DA:149,26
DA:150,26
DA:152,26
DA:153,2
DA:154,2
DA:155,2
DA:156,2
DA:157,2
DA:158,2
DA:159,2
DA:161,26
DA:162,19
DA:163,19
DA:164,19
DA:165,19
DA:170,19
DA:171,3
DA:172,3
DA:173,19
DA:174,19
DA:175,19
DA:177,26
DA:178,1
DA:179,1
DA:180,1
DA:181,1
DA:182,1
DA:185,26
DA:186,2
DA:187,2
DA:188,2
DA:192,2
DA:193,2
DA:194,2
DA:195,2
DA:196,2
DA:198,26
DA:199,3
DA:200,3
DA:201,3
DA:204,26
DA:205,21
DA:206,16
DA:207,16
DA:208,16
DA:209,16
DA:210,16
DA:211,16
DA:212,16
DA:213,16
DA:214,16
DA:215,16
DA:216,16
DA:217,16
DA:218,16
DA:219,16
DA:220,21
DA:221,0
DA:222,0
DA:223,0
DA:224,0
DA:225,21
DA:226,16
DA:227,16
DA:228,21
DA:231,26
DA:232,11
DA:233,11
DA:234,10
DA:235,10
DA:236,10
DA:237,10
DA:238,11
DA:239,11
DA:240,11
DA:253,26
DA:254,12
DA:255,10
DA:256,12
DA:257,12
DA:258,12
DA:260,26
DA:261,2
DA:262,2
DA:263,2
DA:264,2
DA:266,26
DA:267,13
DA:268,13
DA:271,26
DA:272,25
DA:273,25
DA:274,25
DA:275,25
DA:277,26
DA:278,25
DA:279,25
DA:281,26
DA:282,26
DA:283,26
DA:284,26
DA:285,2
DA:286,26
DA:287,1
DA:288,1
DA:289,1
DA:292,1
DA:293,1
DA:294,1
DA:295,1
DA:296,1
DA:297,26
DA:299,26
DA:300,14
DA:301,14
DA:302,4
DA:303,4
DA:304,4
DA:305,11
DA:306,14
DA:307,14
DA:308,14
DA:309,14
DA:310,0
DA:311,0
DA:312,0
DA:313,0
DA:314,0
DA:315,14
DA:316,26
LF:196
LH:182
BRDA:46,0,0,19
BRDA:53,1,0,19
BRDA:63,2,0,1
BRDA:64,3,0,0
BRDA:68,4,0,25
BRDA:69,5,0,0
BRDA:71,6,0,2
BRDA:74,7,0,19
BRDA:75,8,0,3
BRDA:78,9,0,2
BRDA:82,10,0,10
BRDA:87,11,0,1
BRDA:95,12,0,19
BRDA:99,13,0,1
BRDA:100,14,0,0
BRDA:125,15,0,26
BRDA:145,16,0,26
BRDA:152,17,0,2
BRDA:153,18,0,0
BRDA:154,19,0,2
BRDA:155,20,0,0
BRDA:161,21,0,19
BRDA:165,22,0,0
BRDA:170,23,0,18
BRDA:170,24,0,3
BRDA:164,25,0,1
BRDA:177,26,0,1
BRDA:178,27,0,0
BRDA:185,28,0,2
BRDA:198,29,0,3
BRDA:199,30,0,2
BRDA:204,31,0,21
BRDA:205,32,0,20
BRDA:205,33,0,16
BRDA:205,34,0,5
BRDA:205,35,0,16
BRDA:220,36,0,0
BRDA:225,37,0,16
BRDA:217,38,0,11
BRDA:231,39,0,11
BRDA:233,40,0,0
BRDA:233,41,0,10
BRDA:253,42,0,12
BRDA:254,43,0,2
BRDA:254,44,0,10
BRDA:260,45,0,2
BRDA:266,46,0,13
BRDA:271,47,0,25
BRDA:273,48,0,10
BRDA:273,49,0,15
BRDA:274,50,0,3
BRDA:277,51,0,25
BRDA:278,52,0,20
BRDA:281,53,0,26
BRDA:283,54,0,13
BRDA:284,55,0,24
BRDA:284,56,0,18
BRDA:284,57,0,2
BRDA:286,58,0,0
BRDA:286,59,0,1
BRDA:299,60,0,14
BRDA:301,61,0,4
BRDA:302,62,0,3
BRDA:304,63,0,11
BRDA:304,64,0,10
BRDA:305,65,0,9
BRDA:309,66,0,0
BRF:67
BRH:56
end_of_record
TN:
SF:src/mutation/jobs.ts
FN:8,buildJobRecord
FNF:1
FNH:1
FNDA:7,buildJobRecord
DA:8,1
DA:9,7
DA:10,7
DA:11,7
DA:12,7
DA:13,7
DA:14,7
DA:15,7
DA:16,7
DA:17,7
DA:18,5
DA:19,7
DA:21,4
DA:22,7
DA:23,5
DA:24,5
DA:25,4
DA:26,4
DA:28,3
DA:29,3
DA:30,3
DA:33,3
DA:34,7
DA:35,7
DA:36,7
DA:37,7
DA:38,7
DA:39,7
DA:40,3
DA:41,3
LF:30
LH:30
BRDA:8,0,0,7
BRDA:16,1,0,6
BRDA:17,2,0,2
BRDA:17,3,0,5
BRDA:19,4,0,1
BRDA:19,5,0,4
BRDA:22,6,0,5
BRDA:24,7,0,3
BRDA:24,8,0,1
BRDA:24,9,0,4
BRDA:26,10,0,3
BRDA:34,11,0,1
BRDA:34,12,0,2
BRDA:35,13,0,1
BRDA:35,14,0,2
BRDA:37,15,0,1
BRDA:37,16,0,1
BRDA:37,17,0,3
BRDA:38,18,0,1
BRDA:38,19,0,1
BRDA:38,20,0,3
BRDA:39,21,0,1
BRDA:39,22,0,1
BRDA:39,23,0,3
BRF:24
BRH:24
end_of_record
TN:
SF:src/mutation/mutation-id.ts
FN:22,mintMutationId
FN:29,mutationOwnerTabId
FNF:2
FNH:2
FNDA:1202,mintMutationId
FNDA:18,mutationOwnerTabId
DA:16,1
DA:20,1
DA:22,1
DA:23,1202
DA:24,1202
DA:25,1202
DA:26,1202
DA:29,1
DA:30,18
DA:31,14
DA:32,4
DA:33,18
DA:34,18
DA:35,18
LF:14
LH:14
BRDA:22,0,0,1202
BRDA:25,1,0,1
BRDA:29,2,0,18
BRDA:30,3,0,14
BRDA:31,4,0,4
BRDA:34,5,0,4
BRDA:34,6,0,14
BRF:7
BRH:7
end_of_record
TN:
SF:src/mutation/push.saga.ts
FN:30,loadOutbox
FN:56,refreshFailedCount
FN:66,ERR
FN:74,drain
FN:163,rollback
FNF:5
FNH:5
FNDA:17,loadOutbox
FNDA:19,refreshFailedCount
FNDA:11,ERR
FNDA:19,drain
FNDA:13,rollback
DA:1,1
DA:30,1
DA:31,17
DA:32,17
DA:33,17
DA:34,17
DA:35,17
DA:36,5
DA:37,5
DA:38,4
DA:39,5
DA:40,17
DA:41,17
DA:42,3
DA:43,3
DA:44,3
DA:45,3
DA:46,3
DA:47,3
DA:48,3
DA:49,3
DA:50,3
DA:51,3
DA:52,17
DA:53,17
DA:54,17
DA:56,1
DA:57,19
DA:58,19
DA:59,19
DA:60,19
DA:61,19
DA:63,1
DA:64,19
DA:66,1
DA:74,1
DA:75,19
DA:76,28
DA:77,28
DA:78,27
DA:79,27
DA:80,18
DA:81,28
DA:82,28
DA:83,28
DA:84,28
DA:85,28
DA:86,28
DA:87,18
DA:88,28
DA:89,30
DA:90,30
DA:91,2
DA:92,30
DA:93,18
DA:95,16
DA:96,16
DA:97,16
DA:98,16
DA:101,28
DA:102,28
DA:103,3
DA:106,2
DA:107,2
DA:108,2
DA:109,2
DA:110,1
DA:111,1
DA:112,1
DA:113,1
DA:114,1
DA:115,1
DA:117,13
DA:118,13
DA:119,28
DA:120,17
DA:121,17
DA:122,17
DA:124,6
DA:125,6
DA:126,6
DA:127,11
DA:128,13
DA:129,9
DA:130,9
DA:131,9
DA:132,9
DA:133,1
DA:134,1
DA:135,9
DA:136,9
DA:137,9
DA:138,9
DA:139,9
DA:140,13
DA:141,1
DA:142,1
DA:143,1
DA:144,1
DA:145,1
DA:146,13
DA:147,28
DA:148,28
DA:149,7
DA:150,7
DA:151,7
DA:152,7
DA:153,7
DA:154,7
DA:155,28
DA:156,19
DA:163,1
DA:164,13
DA:165,13
DA:166,13
DA:167,13
DA:168,13
DA:169,13
DA:170,13
DA:171,13
DA:173,4
DA:174,4
DA:175,2
DA:176,4
DA:177,4
DA:178,2
DA:179,2
DA:180,4
DA:181,13
DA:182,13
DA:183,13
DA:184,13
DA:185,13
DA:186,13
DA:187,1
DA:188,1
DA:189,13
DA:190,13
DA:191,10
DA:192,10
DA:193,10
DA:194,1
DA:195,1
DA:196,10
DA:197,13
DA:198,13
DA:199,13
DA:200,1
DA:201,1
DA:202,13
DA:203,13
DA:204,13
DA:205,7
DA:206,13
DA:207,13
DA:208,13
DA:209,13
DA:210,13
DA:211,13
DA:212,13
DA:213,13
DA:214,13
DA:215,13
LF:163
LH:163
BRDA:30,0,0,17
BRDA:32,1,0,1
BRDA:32,2,0,16
BRDA:35,3,0,5
BRDA:37,4,0,1
BRDA:37,5,0,4
BRDA:38,6,0,3
BRDA:41,7,0,3
BRDA:43,8,0,2
BRDA:44,9,0,1
BRDA:45,10,0,2
BRDA:46,11,0,2
BRDA:46,12,0,1
BRDA:53,13,0,1
BRDA:56,14,0,19
BRDA:58,15,0,18
BRDA:59,16,0,3
BRDA:59,17,0,15
BRDA:60,18,0,2
BRDA:60,19,0,2
BRDA:60,20,0,16
BRDA:60,21,0,18
BRDA:61,22,0,1
BRDA:66,23,0,11
BRDA:66,24,0,2
BRDA:66,25,0,9
BRDA:74,26,0,19
BRDA:75,27,0,28
BRDA:77,28,0,1
BRDA:77,29,0,27
BRDA:79,30,0,9
BRDA:79,31,0,18
BRDA:81,32,0,17
BRDA:81,33,0,17
BRDA:81,34,0,1
BRDA:83,35,0,28
BRDA:86,36,0,18
BRDA:88,37,0,30
BRDA:90,38,0,28
BRDA:90,39,0,2
BRDA:92,40,0,18
BRDA:93,41,0,2
BRDA:93,42,0,16
BRDA:98,43,0,13
BRDA:101,44,0,12
BRDA:101,45,0,1
BRDA:102,46,0,3
BRDA:103,47,0,2
BRDA:106,48,0,1
BRDA:106,49,0,1
BRDA:109,50,0,1
BRDA:115,51,0,13
BRDA:119,52,0,17
BRDA:122,53,0,6
BRDA:126,54,0,13
BRDA:126,55,0,11
BRDA:128,56,0,9
BRDA:131,57,0,8
BRDA:132,58,0,1
BRDA:139,59,0,2
BRDA:140,60,0,1
BRDA:145,61,0,13
BRDA:147,62,0,6
BRDA:147,63,0,7
BRDA:147,64,0,13
BRDA:148,65,0,7
BRDA:76,66,0,28
BRDA:78,67,0,40
BRDA:80,68,0,30
BRDA:110,69,0,1
BRDA:150,70,0,9
BRDA:163,71,0,13
BRDA:168,72,0,4
BRDA:170,73,0,10
BRDA:171,74,0,10
BRDA:171,75,0,4
BRDA:174,76,0,2
BRDA:176,77,0,2
BRDA:176,78,0,1
BRDA:176,79,0,1
BRDA:176,80,0,1
BRDA:176,81,0,1
BRDA:177,82,0,2
BRDA:185,83,0,12
BRDA:186,84,0,1
BRDA:190,85,0,10
BRDA:192,86,0,9
BRDA:193,87,0,1
BRDA:198,88,0,12
BRDA:199,89,0,1
BRDA:203,90,0,1
BRDA:204,91,0,6
BRDA:204,92,0,7
BRDA:205,93,0,4
BRDA:205,94,0,4
BRDA:211,95,0,1
BRDA:211,96,0,1
BRDA:211,97,0,1
BRDA:214,98,0,1
BRDA:168,99,0,13
BRDA:168,100,0,9
BRDA:168,101,0,13
BRDA:189,102,0,13
BRDA:202,103,0,13
BRDA:209,104,0,13
BRDA:212,105,0,13
BRF:106
BRH:106
end_of_record
TN:
SF:src/mutation/rows.ts
FN:45,parseStoredRecordId
FN:53,storedIdString
FN:60,createdAtFromId
FN:71,parsePendingRow
FN:101,hydrateRowData
FN:110,toOutboxItem
FN:120,loadPendingRows
FN:121,loadFailedRows
FN:130,pendingInsert
FN:153,planCreateTx
FN:167,planUpdateTx
FN:189,planDeleteTx
FN:203,planLocalOnlyUpdateTx
FN:217,planDeferredOutboxRowTx
FN:242,remoteBatch
FN:279,planRevert
FN:308,failedRecordId
FN:311,buildFailedRow
FN:335,moveToFailedTx
FN:343,deletePendingRow
FN:348,deleteFailedRow
FN:353,parseFailedRow
FNF:22
FNH:22
FNDA:100,parseStoredRecordId
FNDA:43,storedIdString
FNDA:15,createdAtFromId
FNDA:40,parsePendingRow
FNDA:32,hydrateRowData
FNDA:2,toOutboxItem
FNDA:18,loadPendingRows
FNDA:4,loadFailedRows
FNDA:22,pendingInsert
FNDA:7,planCreateTx
FNDA:5,planUpdateTx
FNDA:5,planDeleteTx
FNDA:6,planLocalOnlyUpdateTx
FNDA:5,planDeferredOutboxRowTx
FNDA:18,remoteBatch
FNDA:18,planRevert
FNDA:23,failedRecordId
FNDA:14,buildFailedRow
FNDA:14,moveToFailedTx
FNDA:10,deletePendingRow
FNDA:3,deleteFailedRow
FNDA:10,parseFailedRow
DA:1,1
DA:11,1
DA:12,1
DA:13,1
DA:45,1
DA:46,100
DA:47,100
DA:48,100
DA:49,100
DA:50,100
DA:53,1
DA:54,43
DA:55,41
DA:56,41
DA:57,41
DA:60,1
DA:61,15
DA:62,15
DA:63,15
DA:64,15
DA:71,1
DA:72,40
DA:73,38
DA:74,38
DA:75,40
DA:76,40
DA:77,34
DA:78,40
DA:79,40
DA:80,40
DA:81,32
DA:82,32
DA:83,32
DA:84,32
DA:85,40
DA:86,40
DA:87,40
DA:88,40
DA:89,40
DA:90,40
DA:91,40
DA:92,40
DA:101,1
DA:102,32
DA:103,20
DA:104,20
DA:105,32
DA:106,1
DA:107,1
DA:108,32
DA:110,1
DA:111,2
DA:112,2
DA:113,2
DA:114,2
DA:115,2
DA:116,2
DA:117,2
DA:118,2
DA:120,1
DA:121,1
DA:130,1
DA:131,22
DA:132,22
DA:133,22
DA:134,22
DA:135,22
DA:136,22
DA:137,22
DA:138,22
DA:139,22
DA:140,22
DA:141,22
DA:153,1
DA:154,7
DA:155,7
DA:156,7
DA:157,7
DA:158,7
DA:159,7
DA:160,7
DA:161,7
DA:162,7
DA:163,7
DA:164,7
DA:167,1
DA:168,5
DA:169,5
DA:170,5
DA:171,5
DA:172,5
DA:173,5
DA:174,5
DA:175,5
DA:176,5
DA:177,5
DA:178,5
DA:179,5
DA:180,5
DA:181,5
DA:182,5
DA:183,5
DA:184,5
DA:185,5
DA:186,5
DA:189,1
DA:190,5
DA:191,5
DA:192,5
DA:193,5
DA:194,5
DA:195,5
DA:196,5
DA:197,5
DA:198,5
DA:199,5
DA:200,5
DA:203,1
DA:204,6
DA:205,6
DA:206,6
DA:207,6
DA:208,6
DA:209,6
DA:210,6
DA:211,6
DA:212,6
DA:213,6
DA:214,6
DA:217,1
DA:218,5
DA:219,5
DA:220,5
DA:221,5
DA:222,5
DA:223,5
DA:224,5
DA:225,5
DA:226,5
DA:227,5
DA:228,5
DA:229,5
DA:242,1
DA:243,18
DA:244,18
DA:245,33
DA:246,33
DA:247,33
DA:248,33
DA:249,20
DA:250,20
DA:251,19
DA:252,19
DA:253,20
DA:254,20
DA:255,20
DA:256,33
DA:257,2
DA:258,2
DA:259,33
DA:260,11
DA:261,33
DA:262,18
DA:263,18
DA:264,18
DA:279,1
DA:280,18
DA:281,18
DA:282,8
DA:283,8
DA:284,8
DA:285,8
DA:286,8
DA:287,8
DA:288,18
DA:289,4
DA:290,4
DA:291,4
DA:292,4
DA:293,4
DA:294,4
DA:295,6
DA:296,6
DA:297,6
DA:298,6
DA:299,6
DA:300,18
DA:301,18
DA:302,18
DA:303,18
DA:304,18
DA:305,18
DA:306,18
DA:308,1
DA:309,23
DA:311,1
DA:312,14
DA:313,14
DA:314,14
DA:315,14
DA:316,14
DA:317,14
DA:318,14
DA:319,14
DA:320,14
DA:321,14
DA:322,14
DA:323,14
DA:324,14
DA:325,14
DA:326,14
DA:327,14
DA:328,14
DA:329,14
DA:330,14
DA:331,14
DA:332,14
DA:335,1
DA:336,14
DA:337,14
DA:338,14
DA:339,14
DA:340,14
DA:341,14
DA:343,1
DA:344,10
DA:345,10
DA:346,10
DA:348,1
DA:349,3
DA:350,3
DA:351,3
DA:353,1
DA:354,10
DA:355,9
DA:356,9
DA:357,10
DA:358,10
DA:359,10
DA:360,10
DA:361,10
DA:362,10
DA:363,10
DA:364,10
DA:365,10
DA:366,10
DA:367,10
DA:368,10
DA:369,10
DA:370,10
DA:371,10
DA:372,10
DA:373,10
DA:374,10
DA:375,10
DA:376,10
DA:377,10
LF:257
LH:257
BRDA:45,0,0,100
BRDA:48,1,0,4
BRDA:48,2,0,4
BRDA:53,3,0,43
BRDA:54,4,0,2
BRDA:54,5,0,41
BRDA:60,6,0,15
BRDA:61,7,0,14
BRDA:61,8,0,1
BRDA:63,9,0,13
BRDA:63,10,0,2
BRDA:71,11,0,40
BRDA:72,12,0,39
BRDA:72,13,0,2
BRDA:72,14,0,38
BRDA:75,15,0,17
BRDA:75,16,0,16
BRDA:75,17,0,2
BRDA:75,18,0,36
BRDA:76,19,0,3
BRDA:76,20,0,2
BRDA:76,21,0,37
BRDA:76,22,0,34
BRDA:78,23,0,33
BRDA:78,24,0,1
BRDA:79,25,0,20
BRDA:79,26,0,20
BRDA:79,27,0,14
BRDA:80,28,0,21
BRDA:80,29,0,2
BRDA:80,30,0,36
BRDA:80,31,0,32
BRDA:85,32,0,20
BRDA:85,33,0,12
BRDA:88,34,0,1
BRDA:88,35,0,1
BRDA:88,36,0,31
BRDA:89,37,0,20
BRDA:89,38,0,12
BRDA:89,39,0,1
BRDA:90,40,0,20
BRDA:90,41,0,12
BRDA:101,42,0,32
BRDA:102,43,0,21
BRDA:102,44,0,30
BRDA:102,45,0,12
BRDA:102,46,0,20
BRDA:105,47,0,1
BRDA:110,48,0,2
BRDA:120,49,0,18
BRDA:121,50,0,4
BRDA:130,51,0,22
BRDA:138,52,0,17
BRDA:139,53,0,15
BRDA:153,54,0,7
BRDA:154,55,0,1
BRDA:157,56,0,5
BRDA:155,57,0,5
BRDA:167,58,0,5
BRDA:182,59,0,1
BRDA:183,60,0,3
BRDA:189,61,0,5
BRDA:197,62,0,3
BRDA:203,63,0,6
BRDA:217,64,0,5
BRDA:225,65,0,1
BRDA:226,66,0,2
BRDA:242,67,0,18
BRDA:244,68,0,33
BRDA:248,69,0,20
BRDA:249,70,0,1
BRDA:256,71,0,2
BRDA:257,72,0,1
BRDA:259,73,0,11
BRDA:250,74,0,19
BRDA:279,75,0,18
BRDA:281,76,0,8
BRDA:284,77,0,3
BRDA:287,78,0,10
BRDA:288,79,0,4
BRDA:294,80,0,6
BRDA:300,81,0,2
BRDA:300,82,0,4
BRDA:308,83,0,23
BRDA:311,84,0,14
BRDA:335,85,0,14
BRDA:343,86,0,10
BRDA:348,87,0,3
BRDA:353,88,0,10
BRDA:354,89,0,9
BRDA:354,90,0,1
BRDA:354,91,0,9
BRDA:357,92,0,5
BRDA:357,93,0,4
BRDA:357,94,0,2
BRDA:357,95,0,7
BRDA:358,96,0,1
BRDA:358,97,0,6
BRDA:359,98,0,1
BRDA:364,99,0,4
BRDA:364,100,0,2
BRDA:365,101,0,4
BRDA:365,102,0,4
BRDA:365,103,0,2
BRDA:367,104,0,1
BRDA:367,105,0,1
BRDA:367,106,0,5
BRDA:369,107,0,4
BRDA:369,108,0,2
BRDA:370,109,0,1
BRDA:370,110,0,5
BRDA:372,111,0,4
BRDA:372,112,0,2
BRDA:373,113,0,4
BRDA:373,114,0,2
BRDA:374,115,0,4
BRDA:374,116,0,2
BRDA:375,117,0,5
BRDA:375,118,0,1
BRDA:375,119,0,5
BRF:120
BRH:120
end_of_record
TN:
SF:src/mutation/tray.saga.ts
FN:9,listFailed
FN:15,loadFailed
FN:21,dropFailed
FN:35,retryFailed
FN:43,discardFailed
FNF:5
FNH:5
FNDA:3,listFailed
FNDA:6,loadFailed
FNDA:2,dropFailed
FNDA:3,retryFailed
FNDA:3,discardFailed
DA:1,1
DA:9,1
DA:10,3
DA:11,3
DA:12,3
DA:13,3
DA:15,6
DA:16,6
DA:17,6
DA:18,6
DA:19,6
DA:21,2
DA:22,2
DA:23,2
DA:24,2
DA:25,2
DA:26,2
DA:27,2
DA:28,2
DA:35,1
DA:36,3
DA:37,3
DA:38,1
DA:39,1
DA:40,1
DA:41,1
DA:43,1
DA:44,3
DA:45,3
DA:46,1
DA:47,1
DA:48,1
LF:32
LH:32
BRDA:9,0,0,3
BRDA:11,1,0,1
BRDA:11,2,0,2
BRDA:12,3,0,2
BRDA:15,4,0,6
BRDA:17,5,0,3
BRDA:17,6,0,3
BRDA:18,7,0,2
BRDA:18,8,0,4
BRDA:21,9,0,2
BRDA:24,10,0,2
BRDA:35,11,0,3
BRDA:37,12,0,2
BRDA:37,13,0,1
BRDA:43,14,0,3
BRDA:45,15,0,2
BRDA:45,16,0,1
BRF:17
BRH:17
end_of_record
TN:
SF:src/mutation/write.saga.ts
FN:25,debounceKey
FN:34,debounceDelay
FN:46,write
FN:62,planTx
FN:68,readBefore
FN:82,commitWrite
FN:111,debouncedUpdate
FN:141,flushWrite
FNF:8
FNH:8
FNDA:8,debounceKey
FNDA:5,debounceDelay
FNDA:17,write
FNDA:11,planTx
FNDA:10,readBefore
FNDA:11,commitWrite
FNDA:5,debouncedUpdate
FNDA:5,flushWrite
DA:1,1
DA:25,1
DA:26,8
DA:27,8
DA:28,8
DA:29,8
DA:30,8
DA:31,1
DA:32,4
DA:33,8
DA:34,1
DA:35,5
DA:36,5
DA:37,5
DA:46,1
DA:47,17
DA:48,17
DA:49,17
DA:50,16
DA:51,17
DA:52,17
DA:53,17
DA:54,11
DA:55,11
DA:56,11
DA:57,17
DA:58,11
DA:59,11
DA:60,11
DA:62,11
DA:63,11
DA:64,11
DA:65,3
DA:66,3
DA:68,10
DA:69,10
DA:70,10
DA:71,10
DA:72,10
DA:82,11
DA:83,11
DA:84,11
DA:85,11
DA:86,11
DA:87,11
DA:88,11
DA:89,11
DA:90,11
DA:91,11
DA:92,11
DA:93,11
DA:94,11
DA:95,7
DA:96,11
DA:97,1
DA:98,1
DA:99,11
DA:100,11
DA:101,11
DA:102,11
DA:103,11
DA:104,11
DA:105,11
DA:106,10
DA:107,11
DA:108,11
DA:111,5
DA:112,5
DA:113,5
DA:114,5
DA:115,5
DA:116,5
DA:117,5
DA:118,5
DA:119,5
DA:120,5
DA:121,4
DA:122,4
DA:123,5
DA:124,5
DA:125,5
DA:126,5
DA:127,5
DA:128,5
DA:129,5
DA:130,4
DA:131,5
DA:132,1
DA:133,1
DA:134,5
DA:135,5
DA:136,5
DA:137,5
DA:138,5
DA:141,1
DA:142,5
DA:143,4
DA:144,3
DA:145,3
DA:146,3
DA:147,3
DA:148,3
DA:149,3
DA:150,3
DA:151,3
DA:152,3
DA:153,3
DA:154,3
DA:155,3
DA:156,3
DA:157,3
DA:158,3
DA:159,3
DA:160,5
DA:161,5
DA:162,3
DA:163,4
DA:164,2
DA:165,5
LF:119
LH:119
BRDA:25,0,0,8
BRDA:26,1,0,5
BRDA:27,2,0,3
BRDA:27,3,0,7
BRDA:27,4,0,5
BRDA:28,5,0,3
BRDA:28,6,0,2
BRDA:29,7,0,3
BRDA:30,8,0,1
BRDA:31,9,0,4
BRDA:32,10,0,1
BRDA:34,11,0,5
BRDA:36,12,0,2
BRDA:36,13,0,1
BRDA:36,14,0,4
BRDA:46,15,0,17
BRDA:49,16,0,1
BRDA:49,17,0,16
BRDA:51,18,0,12
BRDA:51,19,0,4
BRDA:52,20,0,8
BRDA:52,21,0,8
BRDA:53,22,0,5
BRDA:53,23,0,1
BRDA:53,24,0,11
BRDA:57,25,0,6
BRDA:57,26,0,11
BRDA:62,27,0,11
BRDA:63,28,0,9
BRDA:63,29,0,5
BRDA:63,30,0,6
BRDA:64,31,0,3
BRDA:68,32,0,10
BRDA:70,33,0,9
BRDA:70,34,0,1
BRDA:71,35,0,4
BRDA:71,36,0,4
BRDA:71,37,0,3
BRDA:71,38,0,7
BRDA:82,39,0,11
BRDA:84,40,0,3
BRDA:84,41,0,8
BRDA:85,42,0,8
BRDA:85,43,0,6
BRDA:85,44,0,5
BRDA:85,45,0,6
BRDA:89,46,0,5
BRDA:89,47,0,6
BRDA:89,48,0,1
BRDA:89,49,0,1
BRDA:89,50,0,5
BRDA:89,51,0,1
BRDA:89,52,0,4
BRDA:90,53,0,3
BRDA:90,54,0,2
BRDA:90,55,0,8
BRDA:93,56,0,10
BRDA:94,57,0,3
BRDA:94,58,0,7
BRDA:96,59,0,1
BRDA:101,60,0,9
BRDA:104,61,0,1
BRDA:105,62,0,1
BRDA:105,63,0,10
BRDA:103,64,0,11
BRDA:111,65,0,5
BRDA:120,66,0,1
BRDA:120,67,0,4
BRDA:120,68,0,4
BRDA:123,69,0,2
BRDA:123,70,0,3
BRDA:124,71,0,1
BRDA:124,72,0,4
BRDA:126,73,0,2
BRDA:126,74,0,2
BRDA:126,75,0,3
BRDA:129,76,0,4
BRDA:131,77,0,1
BRDA:135,78,0,1
BRDA:118,79,0,5
BRDA:134,80,0,5
BRDA:141,81,0,5
BRDA:142,82,0,4
BRDA:143,83,0,1
BRDA:143,84,0,3
BRDA:160,85,0,1
BRDA:161,86,0,4
BRDA:161,87,0,3
BRDA:163,88,0,1
BRDA:163,89,0,2
BRDA:142,90,0,4
BRDA:162,91,0,3
BRF:92
BRH:92
end_of_record
TN:
SF:src/otel/index.ts
FN:1,(empty-report)
FNF:1
FNH:1
FNDA:1,(empty-report)
DA:6,0
DA:7,0
DA:8,0
DA:9,0
DA:10,0
DA:11,0
DA:12,0
DA:13,0
DA:14,0
DA:15,0
DA:16,0
DA:17,0
DA:18,0
DA:19,0
DA:20,0
DA:21,0
DA:22,0
DA:23,0
DA:25,0
DA:26,0
DA:27,0
DA:28,0
DA:29,0
DA:30,0
DA:31,0
DA:32,0
DA:34,0
DA:35,0
DA:36,0
DA:38,0
DA:39,0
DA:40,0
DA:42,0
DA:43,0
DA:44,0
DA:45,0
DA:47,0
DA:49,0
DA:50,0
DA:51,0
DA:52,0
DA:53,0
DA:54,0
DA:55,0
DA:70,0
DA:72,0
DA:74,0
DA:75,0
DA:76,0
DA:78,0
DA:79,0
DA:80,0
DA:81,0
DA:84,0
DA:85,0
DA:87,0
DA:88,0
DA:89,0
DA:90,0
DA:91,0
DA:93,0
DA:95,0
DA:96,0
DA:97,0
DA:98,0
DA:99,0
DA:100,0
DA:101,0
DA:102,0
DA:103,0
DA:104,0
DA:107,0
DA:108,0
DA:109,0
DA:110,0
DA:111,0
DA:112,0
DA:113,0
DA:114,0
DA:115,0
DA:116,0
DA:117,0
DA:119,0
DA:120,0
DA:121,0
DA:123,0
DA:124,0
DA:125,0
DA:126,0
DA:127,0
LF:90
LH:0
BRDA:1,0,0,1
BRF:1
BRH:1
end_of_record
TN:
SF:src/query/env.ts
FN:30,defaultEnv
FN:47,listRefTable
FN:52,columnsFor
FNF:3
FNH:3
FNDA:41,defaultEnv
FNDA:46,listRefTable
FNDA:52,columnsFor
DA:1,1
DA:30,1
DA:31,41
DA:32,41
DA:33,41
DA:34,41
DA:35,41
DA:36,41
DA:37,41
DA:38,41
DA:39,41
DA:40,41
DA:41,41
DA:42,41
DA:43,41
DA:44,41
DA:47,1
DA:48,46
DA:49,46
DA:50,46
DA:52,1
DA:53,52
DA:54,52
DA:55,52
DA:56,52
LF:25
LH:25
BRDA:30,0,0,41
BRDA:47,1,0,46
BRDA:48,2,0,40
BRDA:48,3,0,1
BRDA:48,4,0,39
BRDA:52,5,0,52
BRDA:54,6,0,48
BRDA:54,7,0,19
BRDA:54,8,0,4
BRDA:55,9,0,1
BRDA:55,10,0,3
BRDA:53,11,0,52
BRF:12
BRH:12
end_of_record
TN:
SF:src/query/fetch.saga.ts
FN:22,fetchRows
FN:64,landChunk
FNF:2
FNH:2
FNDA:14,fetchRows
FNDA:9,landChunk
DA:1,1
DA:22,1
DA:23,14
DA:24,13
DA:25,21
DA:26,21
DA:27,21
DA:28,9
DA:29,9
DA:30,9
DA:33,12
DA:34,12
DA:35,12
DA:36,12
DA:37,12
DA:38,12
DA:39,12
DA:40,12
DA:41,12
DA:42,12
DA:43,12
DA:44,3
DA:45,3
DA:46,3
DA:47,9
DA:48,9
DA:49,12
DA:50,12
DA:51,12
DA:52,12
DA:53,21
DA:54,21
DA:55,4
DA:56,4
DA:57,4
DA:58,4
DA:59,4
DA:60,21
DA:61,14
DA:64,9
DA:65,9
DA:66,9
DA:67,9
DA:68,9
DA:69,9
DA:70,9
DA:71,9
DA:72,9
DA:73,9
DA:74,9
DA:75,9
DA:76,9
DA:77,9
DA:78,8
DA:79,8
DA:80,9
DA:81,9
DA:82,9
DA:83,9
DA:84,9
DA:85,9
DA:86,9
DA:87,9
DA:88,9
DA:89,7
DA:90,7
DA:91,7
DA:92,7
DA:93,1
DA:94,1
DA:95,1
DA:96,6
DA:97,6
DA:98,7
DA:99,1
DA:100,1
DA:101,7
DA:102,7
DA:106,8
DA:107,8
DA:108,8
DA:109,8
LF:82
LH:82
BRDA:22,0,0,14
BRDA:23,1,0,13
BRDA:24,2,0,21
BRDA:27,3,0,9
BRDA:28,4,0,1
BRDA:30,5,0,12
BRDA:42,6,0,11
BRDA:42,7,0,1
BRDA:43,8,0,11
BRDA:43,9,0,11
BRDA:43,10,0,10
BRDA:43,11,0,3
BRDA:46,12,0,9
BRDA:48,13,0,1
BRDA:53,14,0,4
BRDA:53,15,0,8
BRDA:53,16,0,12
BRDA:54,17,0,4
BRDA:23,18,0,12
BRDA:25,19,0,21
BRDA:34,20,0,12
BRDA:38,21,0,12
BRDA:51,22,0,12
BRDA:55,23,0,4
BRDA:64,24,0,9
BRDA:77,25,0,8
BRDA:77,26,0,1
BRDA:77,27,0,8
BRDA:80,28,0,1
BRDA:81,29,0,7
BRDA:82,30,0,7
BRDA:82,31,0,1
BRDA:85,32,0,1
BRDA:85,33,0,7
BRDA:88,34,0,7
BRDA:91,35,0,6
BRDA:92,36,0,1
BRDA:95,37,0,6
BRDA:97,38,0,5
BRDA:98,39,0,1
BRDA:100,40,0,6
BRDA:101,41,0,1
BRDA:102,42,0,8
BRDA:81,43,0,8
BRDA:106,44,0,10
BRF:45
BRH:45
end_of_record
TN:
SF:src/query/hash.ts
FN:13,queryHashInput
FN:17,viewKeyInput
FNF:2
FNH:2
FNDA:29,queryHashInput
FNDA:18,viewKeyInput
DA:13,1
DA:14,29
DA:17,1
DA:18,18
LF:4
LH:4
BRDA:13,0,0,29
BRDA:17,1,0,18
BRF:2
BRH:2
end_of_record
TN:
SF:src/query/lifecycle.saga.ts
FN:16,lifecycleTick
FN:48,evictQuery
FN:61,ackPrune
FN:72,gcTick
FNF:4
FNH:4
FNDA:13,lifecycleTick
FNDA:4,evictQuery
FNDA:3,ackPrune
FNDA:10,gcTick
DA:1,1
DA:16,1
DA:17,13
DA:18,11
DA:19,11
DA:20,11
DA:21,11
DA:22,3
DA:23,3
DA:24,3
DA:25,2
DA:26,2
DA:27,2
DA:28,2
DA:29,1
DA:30,1
DA:31,1
DA:32,2
DA:33,2
DA:34,3
DA:35,1
DA:36,1
DA:37,1
DA:38,2
DA:39,3
DA:40,1
DA:41,1
DA:42,3
DA:43,11
DA:44,13
DA:45,11
DA:48,1
DA:49,4
DA:50,4
DA:51,3
DA:52,3
DA:53,2
DA:54,1
DA:55,1
DA:56,3
DA:57,3
DA:58,3
DA:61,1
DA:62,3
DA:63,2
DA:64,2
DA:65,2
DA:66,3
DA:72,1
DA:73,10
DA:74,10
DA:75,10
DA:76,10
DA:77,10
DA:78,2
DA:79,1
DA:80,1
DA:81,8
DA:82,9
DA:83,8
DA:84,8
DA:85,2
DA:86,2
DA:87,8
DA:88,9
DA:89,1
DA:90,1
DA:91,1
DA:92,1
DA:93,1
DA:94,1
DA:95,1
DA:96,1
DA:97,9
DA:98,1
DA:99,1
DA:100,9
DA:101,9
LF:78
LH:78
BRDA:16,0,0,13
BRDA:17,1,0,11
BRDA:19,2,0,2
BRDA:21,3,0,3
BRDA:24,4,0,2
BRDA:28,5,0,1
BRDA:34,6,0,1
BRDA:37,7,0,2
BRDA:39,8,0,1
BRDA:44,9,0,8
BRDA:44,10,0,11
BRDA:18,11,0,11
BRDA:20,12,0,11
BRDA:20,13,0,4
BRDA:22,14,0,3
BRDA:33,15,0,2
BRDA:43,16,0,11
BRDA:48,17,0,4
BRDA:50,18,0,1
BRDA:50,19,0,3
BRDA:52,20,0,2
BRDA:53,21,0,1
BRDA:55,22,0,3
[...]
FN:58,neededChildren
FN:73,planFetch
FN:76,add
FN:96,settled
FN:102,settleFailed
FN:107,desiredRegistrations
FN:110,evictable
FN:117,shortestTtlMs
FN:124,toQueryState
FN:161,phaseStatOf
FN:164,pick
FN:169,phaseTimings
FN:171,stat
FNF:23
FNH:23
FNDA:1,queryByHash
FNDA:7,activeHashes
FNDA:1,hashesForTable
FNDA:2,queryStatus
FNDA:13,overlay
FNDA:45,pendingDeleteIds
FNDA:7,hasAckedWrites
FNDA:129,pendingMutationCount
FNDA:123,fetchingQueryCount
FNDA:47,needed
FNDA:29,neededChildren
FNDA:23,planFetch
FNDA:54,add
FNDA:23,settled
FNDA:23,settleFailed
FNDA:16,desiredRegistrations
FNDA:12,evictable
FNDA:13,shortestTtlMs
FNDA:5,toQueryState
FNDA:21,phaseStatOf
FNDA:6,pick
FNDA:3,phaseTimings
FNDA:18,stat
DA:1,1
DA:8,1
DA:10,1
DA:12,1
DA:13,1
DA:15,1
DA:16,2
DA:17,2
DA:18,2
DA:28,1
DA:29,13
DA:30,13
DA:31,13
DA:32,5
DA:33,3
DA:34,5
DA:35,13
DA:36,13
DA:38,1
DA:39,45
DA:41,1
DA:43,1
DA:44,129
DA:46,1
DA:47,123
DA:50,1
DA:51,47
DA:52,47
DA:53,44
DA:54,44
DA:55,44
DA:58,1
DA:59,29
DA:60,29
DA:61,3
DA:62,3
DA:73,1
DA:74,23
DA:75,23
DA:76,23
DA:77,54
DA:78,54
DA:79,23
DA:80,27
DA:81,27
DA:82,27
DA:83,27
DA:84,27
DA:85,23
DA:86,23
DA:87,23
DA:88,23
DA:89,23
DA:96,1
DA:97,23
DA:98,23
DA:99,23
DA:100,23
DA:102,1
DA:103,23
DA:104,23
DA:105,23
DA:107,1
DA:108,16
DA:110,1
DA:111,12
DA:112,12
DA:113,12
DA:114,12
DA:115,12
DA:117,1
DA:118,13
DA:119,13
DA:120,13
DA:121,13
DA:124,1
DA:125,5
DA:126,5
DA:127,5
DA:128,5
DA:129,5
DA:130,5
DA:131,5
DA:132,5
DA:133,5
DA:134,5
DA:135,5
DA:136,5
DA:137,5
DA:138,5
DA:139,5
DA:140,5
DA:141,5
DA:142,5
DA:143,5
DA:144,5
DA:145,5
DA:146,5
DA:147,5
DA:148,5
DA:149,5
DA:150,5
DA:151,5
DA:152,5
DA:153,5
DA:154,5
DA:155,5
DA:156,5
DA:157,5
DA:158,5
DA:159,5
DA:161,21
DA:162,21
DA:163,2
DA:164,2
DA:165,2
DA:166,2
DA:169,1
DA:170,3
DA:171,3
DA:172,3
DA:173,3
DA:174,3
DA:175,3
DA:176,3
DA:177,3
DA:178,3
DA:179,3
DA:180,3
DA:181,3
DA:182,3
DA:183,3
DA:184,3
LF:133
LH:133
BRDA:8,0,0,1
BRDA:10,1,0,7
BRDA:12,2,0,1
BRDA:13,3,0,2
BRDA:13,4,0,1
BRDA:15,5,0,2
BRDA:17,6,0,1
BRDA:17,7,0,1
BRDA:28,8,0,13
BRDA:31,9,0,5
BRDA:32,10,0,4
BRDA:32,11,0,2
BRDA:32,12,0,3
BRDA:38,13,0,45
BRDA:39,14,0,8
BRDA:39,15,0,6
BRDA:41,16,0,7
BRDA:41,17,0,3
BRDA:43,18,0,129
BRDA:44,19,0,51
BRDA:46,20,0,123
BRDA:47,21,0,76
BRDA:50,22,0,47
BRDA:52,23,0,46
BRDA:52,24,0,3
BRDA:52,25,0,44
BRDA:54,26,0,56
BRDA:54,27,0,51
BRDA:54,28,0,22
BRDA:58,29,0,29
BRDA:60,30,0,28
BRDA:60,31,0,26
BRDA:60,32,0,3
BRDA:61,33,0,4
BRDA:61,34,0,3
BRDA:73,35,0,23
BRDA:79,36,0,27
BRDA:81,37,0,14
BRDA:87,38,0,15
BRDA:76,39,0,54
BRDA:77,40,0,21
BRDA:77,41,0,19
BRDA:96,42,0,23
BRDA:98,43,0,22
BRDA:98,44,0,6
BRDA:98,45,0,17
BRDA:99,46,0,11
BRDA:99,47,0,3
BRDA:102,48,0,23
BRDA:104,49,0,21
BRDA:107,50,0,16
BRDA:108,51,0,17
BRDA:108,52,0,12
BRDA:110,53,0,12
BRDA:113,54,0,10
BRDA:113,55,0,5
BRDA:113,56,0,4
BRDA:115,57,0,3
BRDA:117,58,0,13
BRDA:119,59,0,6
BRDA:119,60,0,4
BRDA:119,61,0,2
BRDA:124,62,0,5
BRDA:134,63,0,1
BRDA:134,64,0,4
BRDA:138,65,0,4
BRDA:148,66,0,4
BRDA:161,67,0,21
BRDA:162,68,0,19
BRDA:162,69,0,2
BRDA:163,70,0,5
BRDA:164,71,0,6
BRDA:169,72,0,3
BRDA:171,73,0,18
BRDA:171,74,0,17
BRDA:171,75,0,17
BRF:76
BRH:76
end_of_record
TN:
SF:src/sync/connection.saga.ts
FN:18,connectionChanged
FN:47,syncOutcome
FN:66,selfHealTick
FNF:3
FNH:3
FNDA:8,connectionChanged
FNDA:16,syncOutcome
FNDA:7,selfHealTick
DA:1,1
DA:18,1
DA:19,8
DA:20,7
DA:21,8
DA:22,1
DA:23,1
DA:24,1
DA:25,1
DA:26,8
DA:27,3
DA:28,3
DA:29,8
DA:30,1
DA:31,1
DA:32,1
DA:33,2
DA:34,2
DA:35,2
DA:36,2
DA:37,2
DA:38,2
DA:39,2
DA:40,2
DA:41,2
DA:42,2
DA:43,2
DA:44,2
DA:47,1
DA:48,16
DA:49,15
DA:50,15
DA:51,15
DA:52,15
DA:53,15
DA:54,15
DA:55,2
DA:56,2
DA:57,2
DA:58,15
DA:59,16
DA:66,1
DA:67,7
DA:68,6
DA:69,5
DA:70,5
DA:71,5
DA:72,6
DA:73,1
DA:74,6
DA:75,2
DA:76,2
DA:77,2
DA:78,2
DA:79,2
DA:80,1
DA:81,1
DA:82,1
DA:83,1
DA:84,2
DA:85,5
DA:86,5
LF:62
LH:62
BRDA:18,0,0,8
BRDA:19,1,0,7
BRDA:21,2,0,7
BRDA:21,3,0,1
BRDA:25,4,0,6
BRDA:26,5,0,5
BRDA:26,6,0,7
BRDA:26,7,0,3
BRDA:26,8,0,6
BRDA:26,9,0,3
BRDA:29,10,0,2
BRDA:29,11,0,6
BRDA:29,12,0,1
BRDA:32,13,0,2
BRDA:19,14,0,7
BRDA:37,15,0,6
BRDA:38,16,0,2
BRDA:47,17,0,16
BRDA:48,18,0,15
BRDA:53,19,0,5
BRDA:54,20,0,2
BRDA:58,21,0,1
BRDA:48,22,0,15
BRDA:66,23,0,7
BRDA:67,24,0,6
BRDA:68,25,0,1
BRDA:68,26,0,5
BRDA:72,27,0,1
BRDA:74,28,0,4
BRDA:74,29,0,3
BRDA:74,30,0,2
BRDA:75,31,0,1
BRDA:79,32,0,1
BRDA:84,33,0,5
BRDA:67,34,0,6
BRDA:71,35,0,2
BRDA:71,36,0,1
BRDA:75,37,0,1
BRF:38
BRH:38
end_of_record
TN:
SF:src/sync/live.saga.ts
FN:16,liveStart
FN:38,liveInvalidate
FN:43,liveChange
FNF:3
FNH:3
FNDA:7,liveStart
FNDA:2,liveInvalidate
FNDA:5,liveChange
DA:1,1
DA:16,1
DA:17,7
DA:18,6
DA:19,5
DA:20,7
DA:21,7
DA:22,2
DA:23,2
DA:24,1
DA:25,1
DA:26,1
DA:27,2
DA:28,4
DA:29,4
DA:30,4
DA:31,3
DA:32,6
DA:33,1
DA:34,1
DA:35,7
DA:38,1
DA:39,2
DA:40,2
DA:43,1
DA:44,5
DA:45,4
DA:46,3
DA:47,3
DA:48,4
DA:49,5
LF:31
LH:31
BRDA:16,0,0,7
BRDA:17,1,0,6
BRDA:18,2,0,1
BRDA:18,3,0,5
BRDA:20,4,0,4
BRDA:20,5,0,6
BRDA:20,6,0,1
BRDA:20,7,0,4
BRDA:21,8,0,3
BRDA:21,9,0,6
BRDA:21,10,0,2
BRDA:23,11,0,1
BRDA:27,12,0,4
BRDA:30,13,0,3
BRDA:32,14,0,1
BRDA:17,15,0,6
BRDA:38,16,0,2
BRDA:43,17,0,5
BRDA:44,18,0,4
BRDA:45,19,0,1
BRDA:45,20,0,3
BRDA:48,21,0,1
BRDA:44,22,0,4
BRDA:44,23,0,5
BRF:24
BRH:24
end_of_record
TN:
SF:src/sync/policy.ts
FN:8,<instance_members_initializer>
FN:13,ArraySyncer
FN:21,insert
FN:29,update
FN:42,delete
FN:50,nextSet
FN:60,diffRecordVersionArray
FN:113,applyRecordVersionDiff
FN:137,createDiffFromDbOp
FN:190,buildListRefSelect
FN:217,buildQueryRowCountSelect
FN:233,buildSubqueryListRefSelect
FN:243,buildListRefBatchSelect
FN:253,buildQueryRowCountBatchSelect
FN:282,planListRefPollChunks
FN:319,resolveListRefPollInterval
FN:360,nextPollDelayMs
FN:408,listRefPollDelayMs
FN:430,recordVersionArraysEqual
FN:468,nextHealth
FN:506,selfHealDelayMs
FNF:21
FNH:21
FNDA:6,<instance_members_initializer>
FNDA:6,ArraySyncer
FNDA:4,insert
FNDA:2,update
FNDA:2,delete
FNDA:7,nextSet
FNDA:14,diffRecordVersionArray
FNDA:5,applyRecordVersionDiff
FNDA:5,createDiffFromDbOp
FNDA:6,buildListRefSelect
FNDA:1,buildQueryRowCountSelect
FNDA:6,buildSubqueryListRefSelect
FNDA:2,buildListRefBatchSelect
FNDA:2,buildQueryRowCountBatchSelect
FNDA:28,planListRefPollChunks
FNDA:8,resolveListRefPollInterval
FNDA:9,nextPollDelayMs
FNDA:17,listRefPollDelayMs
FNDA:43,recordVersionArraysEqual
FNDA:25,nextHealth
FNDA:11,selfHealDelayMs
DA:1,1
DA:8,1
DA:9,6
DA:10,6
DA:11,6
DA:13,6
DA:14,6
DA:15,6
DA:16,6
DA:21,6
DA:22,4
DA:23,4
DA:24,4
DA:29,6
DA:30,2
DA:31,3
DA:32,2
DA:33,2
DA:34,2
DA:35,1
DA:36,2
DA:37,2
DA:42,6
DA:43,2
DA:44,2
DA:50,6
DA:51,7
DA:52,5
DA:53,5
DA:54,5
DA:55,7
DA:56,7
DA:57,7
DA:58,6
DA:60,1
DA:61,14
DA:62,14
DA:63,14
DA:64,14
DA:65,14
DA:68,14
DA:69,14
DA:71,14
DA:72,14
DA:73,14
DA:76,14
DA:77,19
DA:79,19
DA:81,5
DA:82,19
DA:84,2
DA:85,2
DA:86,19
DA:89,14
DA:90,21
DA:91,7
DA:92,7
DA:93,21
DA:95,14
DA:96,14
DA:97,5
DA:99,5
DA:100,14
DA:101,14
DA:102,2
DA:104,2
DA:105,14
DA:106,14
DA:107,14
DA:108,14
DA:113,1
DA:114,5
DA:115,5
DA:116,5
DA:117,5
DA:120,5
DA:121,1
DA:122,1
DA:125,5
DA:126,3
DA:127,3
DA:130,5
DA:131,1
DA:132,1
DA:134,5
DA:135,5
DA:137,1
DA:138,5
DA:139,5
DA:140,5
DA:141,5
DA:142,5
DA:143,5
DA:145,5
DA:146,1
DA:147,1
DA:148,1
DA:149,1
DA:150,1
DA:151,1
DA:153,5
DA:154,1
DA:155,1
DA:156,1
DA:157,1
DA:158,1
DA:159,5
DA:160,2
DA:161,2
DA:162,2
DA:163,2
DA:164,2
DA:165,3
DA:166,1
DA:167,1
DA:168,1
DA:169,1
DA:170,1
DA:171,1
DA:172,5
DA:180,1
DA:190,1
DA:191,6
DA:192,6
DA:217,1
DA:218,1
DA:219,1
DA:233,1
DA:234,6
DA:235,6
DA:243,1
DA:244,2
DA:245,2
DA:253,1
DA:254,2
DA:255,2
DA:258,1
DA:261,1
DA:262,1
DA:282,1
DA:283,28
DA:284,28
DA:285,28
DA:286,28
DA:287,28
DA:288,28
DA:289,28
DA:290,28
DA:291,28
DA:292,28
DA:293,28
DA:294,28
DA:295,28
DA:296,28
DA:297,28
DA:298,28
DA:299,28
DA:300,28
DA:301,38
DA:302,38
DA:303,3
DA:304,3
DA:305,3
DA:306,3
DA:307,38
DA:308,38
DA:309,38
DA:310,28
DA:311,28
DA:312,28
DA:319,1
DA:320,8
DA:321,6
DA:322,6
DA:323,2
DA:324,2
DA:332,1
DA:340,1
DA:360,1
DA:366,9
DA:367,9
DA:368,9
DA:369,9
DA:370,9
DA:371,9
DA:372,9
DA:373,9
DA:374,9
DA:375,8
DA:376,9
DA:377,3
DA:378,3
DA:387,1
DA:408,1
DA:412,17
DA:413,17
DA:414,17
DA:415,17
DA:418,12
DA:419,12
DA:420,12
DA:430,1
DA:431,43
DA:432,43
DA:433,43
DA:434,43
DA:435,43
DA:436,34
DA:437,43
DA:438,43
DA:440,11
DA:441,11
DA:442,31
DA:443,31
DA:468,1
DA:469,25
DA:470,25
DA:471,25
DA:472,10
DA:473,10
DA:474,6
DA:475,6
DA:476,6
DA:477,4
DA:478,4
DA:479,4
DA:480,4
DA:481,4
DA:482,4
DA:483,4
DA:484,4
DA:485,4
DA:486,4
DA:487,14
DA:488,14
DA:489,25
DA:490,25
DA:491,3
DA:492,3
DA:493,3
DA:494,3
DA:495,3
DA:496,3
DA:497,3
DA:498,3
DA:499,11
DA:500,11
DA:501,11
DA:502,11
DA:503,11
DA:504,11
DA:506,1
DA:507,11
LF:253
LH:253
BRDA:8,0,0,6
BRDA:13,1,0,6
BRDA:14,2,0,3
BRDA:15,3,0,2
BRDA:21,4,0,4
BRDA:29,5,0,2
BRDA:30,6,0,3
BRDA:31,7,0,2
BRDA:34,8,0,1
BRDA:42,9,0,2
BRDA:43,10,0,5
BRDA:50,11,0,7
BRDA:51,12,0,5
BRDA:52,13,0,6
BRDA:60,14,0,14
BRDA:64,15,0,1
BRDA:65,16,0,1
BRDA:76,17,0,19
BRDA:79,18,0,5
BRDA:82,19,0,14
BRDA:82,20,0,2
BRDA:89,21,0,21
BRDA:90,22,0,7
BRDA:96,23,0,5
BRDA:101,24,0,2
BRDA:113,25,0,5
BRDA:120,26,0,1
BRDA:125,27,0,3
BRDA:130,28,0,1
BRDA:134,29,0,5
BRDA:137,30,0,5
BRDA:143,31,0,2
BRDA:145,32,0,2
BRDA:145,33,0,1
BRDA:151,34,0,4
BRDA:153,35,0,1
BRDA:159,36,0,3
BRDA:159,37,0,2
BRDA:165,38,0,1
BRDA:143,39,0,2
BRDA:190,40,0,6
BRDA:217,41,0,1
BRDA:233,42,0,6
BRDA:243,43,0,2
BRDA:253,44,0,2
BRDA:282,45,0,28
BRDA:300,46,0,38
BRDA:302,47,0,11
BRDA:302,48,0,3
BRDA:310,49,0,27
BRDA:293,50,0,39
BRDA:293,51,0,3
BRDA:295,52,0,15
BRDA:295,53,0,10
BRDA:295,54,0,3
BRDA:295,55,0,7
BRDA:295,56,0,6
BRDA:295,57,0,1
BRDA:319,58,0,8
BRDA:320,59,0,6
BRDA:320,60,0,4
BRDA:320,61,0,6
BRDA:322,62,0,2
BRDA:360,63,0,9
BRDA:374,64,0,1
BRDA:374,65,0,8
BRDA:376,66,0,6
BRDA:376,67,0,5
BRDA:376,68,0,3
BRDA:408,69,0,17
BRDA:415,70,0,5
BRDA:415,71,0,12
BRDA:430,72,0,43
BRDA:434,73,0,1
BRDA:434,74,0,42
BRDA:435,75,0,41
BRDA:435,76,0,8
BRDA:435,77,0,34
BRDA:437,78,0,11
BRDA:437,79,0,34
BRDA:438,80,0,11
BRDA:440,81,0,3
BRDA:441,82,0,31
BRDA:468,83,0,25
BRDA:470,84,0,1
BRDA:470,85,0,24
BRDA:471,86,0,10
BRDA:473,87,0,7
BRDA:473,88,0,6
BRDA:476,89,0,4
BRDA:486,90,0,23
BRDA:486,91,0,14
BRDA:489,92,0,9
BRDA:489,93,0,5
BRDA:490,94,0,12
BRDA:490,95,0,3
BRDA:498,96,0,11
BRDA:506,97,0,11
BRF:98
BRH:98
end_of_record
TN:
SF:src/sync/poll.saga.ts
FN:15,pollTick
FNF:1
FNH:1
FNDA:7,pollTick
DA:1,1
DA:15,1
DA:16,7
DA:21,6
DA:22,6
DA:23,2
DA:24,2
DA:25,1
DA:26,1
DA:27,1
DA:28,1
DA:29,6
DA:30,4
DA:31,4
DA:32,4
DA:33,7
DA:34,7
DA:35,6
DA:36,6
LF:19
LH:19
BRDA:15,0,0,7
BRDA:16,1,0,6
BRDA:22,2,0,2
BRDA:24,3,0,1
BRDA:29,4,0,4
BRDA:33,5,0,5
BRDA:33,6,0,2
BRDA:33,7,0,4
BRDA:34,8,0,6
BRDA:16,9,0,6
BRF:10
BRH:10
end_of_record
TN:
SF:src/sync/tabs.saga.ts
FN:15,setRole
FN:40,tabMessage
FNF:2
FNH:2
FNDA:4,setRole
FNDA:16,tabMessage
DA:1,1
DA:15,1
DA:16,4
DA:17,3
DA:18,2
DA:19,3
DA:20,1
DA:21,1
DA:22,1
DA:23,1
DA:24,1
DA:25,1
DA:26,1
DA:27,1
DA:28,1
DA:29,1
DA:40,1
DA:41,16
DA:42,16
DA:43,12
DA:44,12
DA:45,15
DA:46,3
DA:47,2
DA:48,2
DA:49,1
DA:50,1
DA:51,1
DA:52,2
DA:53,2
DA:54,2
DA:55,2
DA:56,2
DA:57,2
DA:58,2
DA:59,2
DA:60,2
DA:61,2
DA:62,2
DA:63,2
DA:64,2
DA:65,16
DA:66,2
DA:67,2
DA:68,16
DA:69,2
DA:70,1
DA:71,1
DA:72,16
DA:73,1
DA:74,1
DA:75,1
DA:76,1
DA:77,1
DA:78,16
DA:79,1
DA:80,1
DA:81,1
DA:82,1
DA:83,1
DA:84,16
DA:85,2
DA:86,1
DA:87,1
DA:88,1
DA:89,16
DA:90,1
DA:91,16
DA:92,16
LF:69
LH:69
BRDA:15,0,0,4
BRDA:16,1,0,3
BRDA:17,2,0,1
BRDA:17,3,0,2
BRDA:19,4,0,1
BRDA:16,5,0,3
BRDA:40,6,0,16
BRDA:42,7,0,14
BRDA:42,8,0,13
BRDA:42,9,0,15
BRDA:42,10,0,3
BRDA:42,11,0,12
BRDA:45,12,0,3
BRDA:46,13,0,1
BRDA:46,14,0,2
BRDA:48,15,0,1
BRDA:51,16,0,2
BRDA:65,17,0,2
BRDA:66,18,0,1
BRDA:68,19,0,2
BRDA:69,20,0,1
BRDA:72,21,0,1
BRDA:78,22,0,1
BRDA:84,23,0,2
BRDA:85,24,0,1
BRDA:89,25,0,1
BRDA:43,26,0,12
BRDA:56,27,0,6
BRDA:57,28,0,4
BRDA:57,29,0,2
BRDA:57,30,0,2
BRDA:59,31,0,6
BRDA:59,32,0,2
BRDA:60,33,0,6
BRDA:60,34,0,4
BRF:35
BRH:35
end_of_record
TN:
SF:src/utils/blurhash.ts
FN:24,blurhashSidecarPath
FN:41,isImagePath
FN:55,encodeImageToBlurhash
FNF:3
FNH:3
FNDA:18,blurhashSidecarPath
FNDA:17,isImagePath
FNDA:3,encodeImageToBlurhash
DA:1,1
DA:24,1
DA:25,18
DA:26,18
DA:29,1
DA:30,1
DA:31,1
DA:32,1
DA:33,1
DA:34,1
DA:35,1
DA:36,1
DA:37,1
DA:39,1
DA:41,1
DA:42,17
DA:43,17
DA:47,1
DA:55,3
DA:56,3
DA:57,3
DA:58,3
DA:59,3
DA:60,1
DA:61,1
DA:62,1
DA:63,1
DA:64,0
DA:65,1
DA:66,3
DA:67,1
DA:68,1
DA:69,1
DA:70,1
DA:71,1
DA:72,1
DA:73,0
DA:74,0
DA:75,0
DA:76,3
DA:77,1
DA:81,3
DA:82,1
DA:83,1
DA:84,3
DA:85,3
DA:86,0
DA:87,3
DA:88,1
DA:89,1
DA:90,3
LF:51
LH:46
BRDA:24,0,0,18
BRDA:41,1,0,17
BRDA:55,2,0,3
BRDA:59,3,0,2
BRDA:59,4,0,1
BRDA:63,5,0,0
BRDA:64,6,0,1
BRDA:66,7,0,1
BRDA:72,8,0,0
BRDA:76,9,0,0
BRDA:76,10,0,1
BRDA:81,11,0,0
BRDA:81,12,0,1
BRDA:84,13,0,1
BRDA:84,14,0,1
BRDA:84,15,0,1
BRDA:85,16,0,0
BRDA:87,17,0,1
BRF:18
BRH:13
end_of_record
TN:
SF:src/utils/error-classification.ts
FN:42,classifySyncError
FNF:1
FNH:1
FNDA:38,classifySyncError
DA:1,1
DA:2,1
DA:8,1
DA:9,1
DA:10,1
DA:11,1
DA:12,1
DA:13,1
DA:14,1
DA:15,1
DA:16,1
DA:17,1
DA:18,1
DA:19,1
DA:20,1
DA:21,1
DA:35,1
DA:36,1
DA:37,1
DA:38,1
DA:39,1
DA:40,1
DA:42,1
DA:43,38
DA:44,38
DA:46,38
DA:47,487
DA:48,22
DA:49,22
DA:50,487
DA:52,16
DA:53,16
LF:32
LH:32
BRDA:42,0,0,38
BRDA:44,1,0,30
BRDA:44,2,0,8
BRDA:46,3,0,487
BRDA:47,4,0,22
BRDA:50,5,0,16
BRF:6
BRH:6
end_of_record
TN:
SF:src/utils/index.ts
FN:12,compareRecordIds
FN:21,encodeRecordId
FN:25,extractIdPart
FN:38,extractTablePart
FN:45,parseRecordIdString
FN:50,generateId
FN:54,generateNewTableId
FN:62,decodeFromSp00ky
FN:105,durationMillis
FN:113,parseDuration
FN:145,fileToUint8Array
FN:156,textToHtml
FN:167,withRetry
FN:223,withTimeout
FNF:14
FNH:9
FNDA:7,compareRecordIds
FNDA:109,encodeRecordId
FNDA:4,extractIdPart
FNDA:34,extractTablePart
FNDA:173,parseRecordIdString
FNDA:102,generateId
FNDA:0,generateNewTableId
FNDA:0,decodeFromSp00ky
FNDA:0,durationMillis
FNDA:22,parseDuration
FNDA:0,fileToUint8Array
FNDA:0,textToHtml
FNDA:9,withRetry
FNDA:167,withTimeout
DA:1,1
DA:12,1
DA:13,7
DA:14,7
DA:15,7
DA:16,7
DA:17,7
DA:18,7
DA:19,7
DA:21,1
DA:22,109
DA:23,109
DA:25,1
DA:26,4
DA:27,2
DA:28,2
DA:30,2
DA:31,4
DA:32,1
DA:33,1
DA:35,1
DA:36,1
DA:38,1
DA:39,34
DA:40,33
DA:41,33
DA:42,1
DA:43,1
DA:45,1
DA:46,173
DA:47,173
DA:48,173
DA:50,1
DA:51,102
DA:52,102
DA:54,1
DA:55,0
DA:56,0
DA:57,0
DA:58,0
DA:62,1
DA:63,0
DA:64,0
DA:65,0
DA:66,0
DA:67,0
DA:68,0
DA:69,0
DA:70,0
DA:72,0
DA:74,0
DA:75,0
DA:76,0
DA:77,0
DA:78,0
DA:79,0
DA:80,0
DA:81,0
DA:82,0
DA:83,0
DA:84,0
DA:85,0
DA:86,0
DA:87,0
DA:88,0
DA:89,0
DA:90,0
DA:91,0
DA:92,0
DA:93,0
DA:95,0
DA:96,0
DA:105,0
DA:106,0
DA:107,0
DA:108,0
DA:113,1
DA:114,22
DA:115,0
DA:116,0
DA:117,0
DA:118,0
DA:119,0
DA:120,0
DA:122,22
DA:123,1
DA:124,1
DA:126,22
DA:128,20
DA:129,22
DA:130,18
DA:131,18
DA:132,18
DA:133,22
DA:134,1
DA:135,22
DA:136,1
DA:137,22
DA:138,22
DA:139,16
DA:140,22
DA:141,22
DA:145,0
DA:146,0
DA:147,0
DA:148,0
DA:156,1
DA:157,0
DA:158,0
DA:159,0
DA:160,0
DA:167,9
DA:168,9
DA:169,9
DA:170,9
DA:171,9
DA:172,9
DA:173,9
DA:174,9
DA:175,17
DA:176,17
DA:177,17
DA:178,11
DA:181,11
DA:182,10
DA:183,11
DA:184,5
DA:185,2
DA:186,11
DA:187,9
DA:188,9
DA:189,9
DA:190,9
DA:191,9
DA:192,9
DA:193,9
DA:194,9
DA:195,9
DA:196,9
DA:197,9
DA:198,9
DA:199,9
DA:200,1
DA:201,1
DA:202,17
DA:203,9
DA:204,9
DA:223,1
DA:224,167
DA:225,167
DA:226,167
DA:227,167
DA:228,167
DA:229,157
DA:230,157
DA:231,157
DA:232,157
DA:233,157
DA:234,157
DA:235,157
DA:236,147
DA:237,147
DA:238,147
DA:239,157
DA:240,3
DA:241,3
DA:242,3
DA:243,157
DA:244,157
DA:245,157
LF:170
LH:117
BRDA:12,0,0,7
BRDA:16,1,0,4
BRDA:16,2,0,3
BRDA:17,3,0,3
BRDA:17,4,0,4
BRDA:21,5,0,109
BRDA:25,6,0,4
BRDA:26,7,0,2
BRDA:31,8,0,1
BRDA:38,9,0,34
BRDA:39,10,0,33
BRDA:41,11,0,1
BRDA:45,12,0,173
BRDA:50,13,0,102
BRDA:113,14,0,22
BRDA:114,15,0,0
BRDA:122,16,0,1
BRDA:124,17,0,21
BRDA:126,18,0,1
BRDA:126,19,0,20
BRDA:129,20,0,2
BRDA:129,21,0,18
BRDA:133,22,0,1
BRDA:135,23,0,1
BRDA:137,24,0,16
BRDA:138,25,0,16
BRDA:167,26,0,9
BRDA:174,27,0,17
BRDA:177,28,0,11
BRDA:181,29,0,1
BRDA:181,30,0,10
BRDA:183,31,0,5
BRDA:184,32,0,2
BRDA:186,33,0,10
BRDA:186,34,0,9
BRDA:187,35,0,0
BRDA:199,36,0,1
BRDA:202,37,0,9
BRDA:197,38,0,9
BRDA:223,39,0,167
BRDA:228,40,0,10
BRDA:228,41,0,157
BRDA:229,42,0,157
BRDA:231,43,0,7
BRDA:231,44,0,4
BRDA:231,45,0,3
BRDA:235,46,0,147
BRDA:239,47,0,3
BRF:48
BRH:46
end_of_record
TN:
SF:src/utils/parser.ts
FN:6,cleanRecord
FN:23,parseParams
FN:49,parseQueryParams
FN:63,parseValue
FNF:4
FNH:4
FNDA:10,cleanRecord
FNDA:13,parseParams
FNDA:27,parseQueryParams
FNDA:21,parseValue
DA:1,1
DA:6,1
DA:7,10
DA:8,10
DA:9,10
DA:10,10
DA:11,10
DA:12,18
DA:13,15
DA:14,15
DA:15,18
DA:16,10
DA:17,10
DA:23,1
DA:24,13
DA:25,13
DA:26,13
DA:27,13
DA:28,13
DA:29,19
DA:30,19
DA:31,11
DA:32,11
DA:33,19
DA:35,13
DA:36,13
DA:49,1
DA:50,27
DA:51,27
DA:52,27
DA:53,27
DA:54,27
DA:55,31
DA:56,31
DA:57,31
DA:58,31
DA:60,26
DA:61,26
DA:63,21
DA:64,21
DA:65,7
DA:66,7
DA:67,1
DA:68,1
DA:69,20
DA:70,2
DA:71,2
DA:72,2
DA:73,0
DA:74,0
DA:75,12
DA:76,12
LF:52
LH:50
BRDA:6,0,0,10
BRDA:11,1,0,18
BRDA:12,2,0,8
BRDA:12,3,0,8
BRDA:12,4,0,15
BRDA:23,5,0,13
BRDA:28,6,0,19
BRDA:30,7,0,11
BRDA:30,8,0,11
BRDA:49,9,0,27
BRDA:54,10,0,26
BRDA:54,11,0,31
BRDA:55,12,0,1
BRDA:55,13,0,30
BRDA:56,14,0,22
BRDA:57,15,0,10
BRDA:57,16,0,20
BRDA:63,17,0,21
BRDA:64,18,0,7
BRDA:65,19,0,0
BRDA:66,20,0,6
BRDA:66,21,0,1
BRDA:68,22,0,20
BRDA:68,23,0,14
BRDA:69,24,0,2
BRDA:70,25,0,0
BRDA:71,26,0,0
BRDA:72,27,0,0
BRDA:74,28,0,12
BRF:29
BRH:25
end_of_record
TN:
SF:src/utils/semver.ts
FN:6,parse
FN:21,semverGt
FNF:2
FNH:2
FNDA:46,parse
FNDA:23,semverGt
DA:6,46
DA:7,46
DA:8,46
DA:9,46
DA:10,46
DA:11,41
DA:12,46
DA:13,117
DA:14,117
DA:15,113
DA:16,113
DA:17,37
DA:18,37
DA:21,1
DA:22,23
DA:23,23
DA:24,23
DA:25,23
DA:26,35
DA:27,35
DA:28,35
DA:29,4
DA:30,4
LF:23
LH:23
BRDA:6,0,0,46
BRDA:7,1,0,3
BRDA:10,2,0,45
BRDA:10,3,0,5
BRDA:10,4,0,41
BRDA:12,5,0,117
BRDA:13,6,0,4
BRDA:14,7,0,4
BRDA:14,8,0,113
BRDA:16,9,0,37
BRDA:21,10,0,23
BRDA:24,11,0,17
BRDA:24,12,0,8
BRDA:24,13,0,15
BRDA:25,14,0,35
BRDA:26,15,0,8
BRDA:26,16,0,27
BRDA:27,17,0,3
BRDA:28,18,0,4
BRF:19
BRH:19
end_of_record
TN:
SF:src/utils/surql.ts
FN:58,seal
FN:69,extract
FN:76,tx
FN:84,selectById
FN:88,selectByFieldsAnd
FN:100,create
FN:104,createSet
FN:119,upsert
FN:127,upsertMerge
FN:131,updateMerge
FN:135,updateSet
FN:150,delete
FN:154,let
FN:158,createMutation
FN:191,returnObject
FNF:15
FNH:13
FNDA:69,seal
FNDA:3,extract
FNDA:69,tx
FNDA:0,selectById
FNDA:0,selectByFieldsAnd
FNDA:14,create
FNDA:9,createSet
FNDA:6,upsert
FNDA:13,upsertMerge
FNDA:11,updateMerge
FNDA:11,updateSet
FNDA:27,delete
FNDA:11,let
FNDA:2,createMutation
FNDA:11,returnObject
DA:57,1
DA:58,1
DA:59,69
DA:60,0
DA:61,0
DA:64,69
DA:65,69
DA:66,69
DA:67,69
DA:68,69
DA:69,69
DA:71,3
DA:72,3
DA:73,69
DA:74,69
DA:76,1
DA:77,69
DA:78,69
DA:79,69
DA:80,69
DA:81,69
DA:82,69
DA:84,1
DA:85,0
DA:86,0
DA:88,1
DA:89,0
DA:90,0
DA:91,0
DA:92,0
DA:93,0
DA:94,0
DA:95,0
DA:96,0
DA:97,0
DA:98,0
DA:100,1
DA:101,14
DA:102,14
DA:104,1
DA:105,9
DA:106,9
DA:107,9
DA:108,9
DA:109,9
DA:110,9
DA:111,0
DA:112,9
DA:113,0
DA:114,9
DA:115,9
DA:116,9
DA:117,9
DA:119,1
DA:120,6
DA:121,6
DA:127,1
DA:128,13
DA:129,13
DA:131,1
DA:132,11
DA:133,11
DA:135,1
DA:136,11
DA:137,11
DA:138,11
DA:139,11
DA:140,11
DA:141,11
DA:142,0
DA:143,11
DA:144,11
DA:145,0
DA:146,11
DA:147,11
DA:148,11
DA:150,1
DA:151,27
DA:152,27
DA:154,1
DA:155,11
DA:156,11
DA:158,1
DA:159,2
DA:160,2
DA:161,2
DA:162,2
DA:163,2
DA:164,2
DA:165,2
DA:166,2
DA:176,2
DA:177,2
DA:178,0
DA:179,2
DA:180,0
DA:181,0
DA:182,0
DA:183,0
DA:184,0
DA:185,0
DA:186,2
DA:187,0
DA:188,2
DA:189,2
DA:191,1
DA:192,11
DA:193,11
DA:194,1
LF:109
LH:83
BRDA:58,0,0,69
BRDA:59,1,0,0
BRDA:65,2,0,9
BRDA:65,3,0,60
BRDA:69,4,0,3
BRDA:76,5,0,69
BRDA:100,6,0,14
BRDA:104,7,0,9
BRDA:109,8,0,9
BRDA:110,9,0,0
BRDA:112,10,0,0
BRDA:119,11,0,6
BRDA:127,12,0,13
BRDA:131,13,0,11
BRDA:135,14,0,11
BRDA:140,15,0,11
BRDA:141,16,0,0
BRDA:144,17,0,0
BRDA:150,18,0,27
BRDA:154,19,0,11
BRDA:158,20,0,2
BRDA:177,21,0,0
BRDA:179,22,0,0
BRDA:186,23,0,0
BRDA:191,24,0,11
BRDA:192,25,0,11
BRF:26
BRH:18
end_of_record
